[ 2018-12-19T08:07:55+08:00 ] 127.0.0.1 /322/BBSDemo/home/user/findUserByUsernameAndPassword
INFO: [ app_init ] --START--
INFO: Run Behavior\BuildLiteBehavior [ RunTime:0.000077s ]
INFO: [ app_init ] --END-- [ RunTime:0.000642s ]
INFO: [ app_begin ] --START--
INFO: Run Behavior\ReadHtmlCacheBehavior [ RunTime:0.000912s ]
INFO: [ app_begin ] --END-- [ RunTime:0.001277s ]
SQL: SELECT `user_nickname`,`user_name`,`user_id` FROM `think_user` WHERE `user_name` = 'thinkphp' AND `user_password` = '123456'  [ RunTime:0.0005s ]

[ 2018-12-19T08:08:37+08:00 ] 127.0.0.1 /322/BBSDemo/home/user/findUserByUsernameAndPassword
INFO: [ app_init ] --START--
INFO: Run Behavior\BuildLiteBehavior [ RunTime:0.000092s ]
INFO: [ app_init ] --END-- [ RunTime:0.000699s ]
INFO: [ app_begin ] --START--
INFO: Run Behavior\ReadHtmlCacheBehavior [ RunTime:0.000456s ]
INFO: [ app_begin ] --END-- [ RunTime:0.000726s ]
SQL: SELECT `user_nickname`,`user_name`,`user_id` FROM `think_user` WHERE `user_name` = 'thinkphp' AND `user_password` = '123456'  [ RunTime:0.0004s ]

[ 2018-12-19T08:15:10+08:00 ] 127.0.0.1 /322/BBSDemo/home/user/findUserByUsernameAndPassword
INFO: [ app_init ] --START--
INFO: Run Behavior\BuildLiteBehavior [ RunTime:0.000078s ]
INFO: [ app_init ] --END-- [ RunTime:0.000628s ]
INFO: [ app_begin ] --START--
INFO: Run Behavior\ReadHtmlCacheBehavior [ RunTime:0.000719s ]
INFO: [ app_begin ] --END-- [ RunTime:0.001026s ]
SQL: SELECT `user_nickname`,`user_name`,`user_id` FROM `think_user` WHERE `user_name` = 'thinkphp' AND `user_password` = '123456'  [ RunTime:0.0004s ]

[ 2018-12-19T08:15:27+08:00 ] 127.0.0.1 /322/BBSDemo/home/user/findUserByUsernameAndPassword
INFO: [ app_init ] --START--
INFO: Run Behavior\BuildLiteBehavior [ RunTime:0.000173s ]
INFO: [ app_init ] --END-- [ RunTime:0.001222s ]
INFO: [ app_begin ] --START--
INFO: Run Behavior\ReadHtmlCacheBehavior [ RunTime:0.000482s ]
INFO: [ app_begin ] --END-- [ RunTime:0.000794s ]
SQL: SELECT `user_nickname`,`user_name`,`user_id` FROM `think_user` WHERE `user_name` = 'thinkphp' AND `user_password` = '123456'  [ RunTime:0.0004s ]

[ 2018-12-19T08:15:55+08:00 ] 127.0.0.1 /322/BBSDemo/home/user/findUserByUsernameAndPassword
INFO: [ app_init ] --START--
INFO: Run Behavior\BuildLiteBehavior [ RunTime:0.000082s ]
INFO: [ app_init ] --END-- [ RunTime:0.000569s ]
INFO: [ app_begin ] --START--
INFO: Run Behavior\ReadHtmlCacheBehavior [ RunTime:0.000466s ]
INFO: [ app_begin ] --END-- [ RunTime:0.000753s ]
SQL: SELECT `user_nickname`,`user_name`,`user_id` FROM `think_user` WHERE `user_name` = 'thinkphp' AND `user_password` = '123456'  [ RunTime:0.0004s ]

[ 2018-12-19T08:15:55+08:00 ] 127.0.0.1 /322/BBSDemo/home/user/confirmLogin
INFO: [ app_init ] --START--
INFO: Run Behavior\BuildLiteBehavior [ RunTime:0.000082s ]
INFO: [ app_init ] --END-- [ RunTime:0.000476s ]
INFO: [ app_begin ] --START--
INFO: Run Behavior\ReadHtmlCacheBehavior [ RunTime:0.000376s ]
INFO: [ app_begin ] --END-- [ RunTime:0.000666s ]

[ 2018-12-19T08:18:23+08:00 ] 127.0.0.1 /322/BBSDemo/home/user/findUserByUsernameAndPassword
INFO: [ app_init ] --START--
INFO: Run Behavior\BuildLiteBehavior [ RunTime:0.000078s ]
INFO: [ app_init ] --END-- [ RunTime:0.000706s ]
INFO: [ app_begin ] --START--
INFO: Run Behavior\ReadHtmlCacheBehavior [ RunTime:0.000729s ]
INFO: [ app_begin ] --END-- [ RunTime:0.001032s ]
SQL: SELECT `user_nickname`,`user_name`,`user_id` FROM `think_user` WHERE `user_name` = 'thinkphp' AND `user_password` = '123456'  [ RunTime:0.0005s ]

[ 2018-12-19T08:18:23+08:00 ] 127.0.0.1 /322/BBSDemo/home/user/confirmLogin
INFO: [ app_init ] --START--
INFO: Run Behavior\BuildLiteBehavior [ RunTime:0.000081s ]
INFO: [ app_init ] --END-- [ RunTime:0.000498s ]
INFO: [ app_begin ] --START--
INFO: Run Behavior\ReadHtmlCacheBehavior [ RunTime:0.000381s ]
INFO: [ app_begin ] --END-- [ RunTime:0.000670s ]

[ 2018-12-19T08:18:43+08:00 ] 127.0.0.1 /322/BBSDemo/home/user/findUserByUsernameAndPassword
INFO: [ app_init ] --START--
INFO: Run Behavior\BuildLiteBehavior [ RunTime:0.000084s ]
INFO: [ app_init ] --END-- [ RunTime:0.000618s ]
INFO: [ app_begin ] --START--
INFO: Run Behavior\ReadHtmlCacheBehavior [ RunTime:0.000487s ]
INFO: [ app_begin ] --END-- [ RunTime:0.000783s ]
SQL: SELECT `user_nickname`,`user_name`,`user_id` FROM `think_user` WHERE `user_name` = 'thinkphp' AND `user_password` = '123456'  [ RunTime:0.0005s ]

[ 2018-12-19T08:18:43+08:00 ] 127.0.0.1 /322/BBSDemo/home/user/confirmLogin
INFO: [ app_init ] --START--
INFO: Run Behavior\BuildLiteBehavior [ RunTime:0.000082s ]
INFO: [ app_init ] --END-- [ RunTime:0.000486s ]
INFO: [ app_begin ] --START--
INFO: Run Behavior\ReadHtmlCacheBehavior [ RunTime:0.000399s ]
INFO: [ app_begin ] --END-- [ RunTime:0.000739s ]

[ 2018-12-19T08:35:19+08:00 ] 127.0.0.1 /322/BBSDemo/home/user/findUserByUsernameAndPassword
INFO: [ app_init ] --START--
INFO: Run Behavior\BuildLiteBehavior [ RunTime:0.000086s ]
INFO: [ app_init ] --END-- [ RunTime:0.000702s ]
INFO: [ app_begin ] --START--
INFO: Run Behavior\ReadHtmlCacheBehavior [ RunTime:0.000809s ]
INFO: [ app_begin ] --END-- [ RunTime:0.001147s ]
SQL: SELECT `user_nickname`,`user_name`,`user_id` FROM `think_user` WHERE `user_name` = 'thinkphp' AND `user_password` = '123456'  [ RunTime:0.0005s ]

[ 2018-12-19T08:35:19+08:00 ] 127.0.0.1 /322/BBSDemo/home/user/confirmLogin
INFO: [ app_init ] --START--
INFO: Run Behavior\BuildLiteBehavior [ RunTime:0.000085s ]
INFO: [ app_init ] --END-- [ RunTime:0.000492s ]
INFO: [ app_begin ] --START--
INFO: Run Behavior\ReadHtmlCacheBehavior [ RunTime:0.000396s ]
INFO: [ app_begin ] --END-- [ RunTime:0.000709s ]

[ 2018-12-19T08:36:39+08:00 ] 127.0.0.1 /322/BBSDemo/home/user/findUserByUsernameAndPassword
INFO: [ app_init ] --START--
INFO: Run Behavior\BuildLiteBehavior [ RunTime:0.000093s ]
INFO: [ app_init ] --END-- [ RunTime:0.000626s ]
INFO: [ app_begin ] --START--
INFO: Run Behavior\ReadHtmlCacheBehavior [ RunTime:0.000483s ]
INFO: [ app_begin ] --END-- [ RunTime:0.000833s ]
SQL: SELECT `user_nickname`,`user_name`,`user_id` FROM `think_user` WHERE `user_name` = 'thinkphp' AND `user_password` = '123456'  [ RunTime:0.0004s ]

[ 2018-12-19T08:36:39+08:00 ] 127.0.0.1 /322/BBSDemo/home/user/confirmLogin
INFO: [ app_init ] --START--
INFO: Run Behavior\BuildLiteBehavior [ RunTime:0.000086s ]
INFO: [ app_init ] --END-- [ RunTime:0.000490s ]
INFO: [ app_begin ] --START--
INFO: Run Behavior\ReadHtmlCacheBehavior [ RunTime:0.000406s ]
INFO: [ app_begin ] --END-- [ RunTime:0.000732s ]

[ 2018-12-19T08:37:25+08:00 ] 127.0.0.1 /322/BBSDemo/home/user/findUserByUsernameAndPassword
INFO: [ app_init ] --START--
INFO: Run Behavior\BuildLiteBehavior [ RunTime:0.000183s ]
INFO: [ app_init ] --END-- [ RunTime:0.002290s ]
INFO: [ app_begin ] --START--
INFO: Run Behavior\ReadHtmlCacheBehavior [ RunTime:0.000805s ]
INFO: [ app_begin ] --END-- [ RunTime:0.001109s ]
SQL: SELECT `user_nickname`,`user_name`,`user_id` FROM `think_user` WHERE `user_name` = 'thinkphp' AND `user_password` = '123456'  [ RunTime:0.0004s ]

[ 2018-12-19T08:37:25+08:00 ] 127.0.0.1 /322/BBSDemo/home/user/confirmLogin
INFO: [ app_init ] --START--
INFO: Run Behavior\BuildLiteBehavior [ RunTime:0.000088s ]
INFO: [ app_init ] --END-- [ RunTime:0.000486s ]
INFO: [ app_begin ] --START--
INFO: Run Behavior\ReadHtmlCacheBehavior [ RunTime:0.000355s ]
INFO: [ app_begin ] --END-- [ RunTime:0.000645s ]

[ 2018-12-19T08:38:41+08:00 ] 127.0.0.1 /322/BBSDemo/home/user/findUserByUsernameAndPassword
INFO: [ app_init ] --START--
INFO: Run Behavior\BuildLiteBehavior [ RunTime:0.000090s ]
INFO: [ app_init ] --END-- [ RunTime:0.000627s ]
INFO: [ app_begin ] --START--
INFO: Run Behavior\ReadHtmlCacheBehavior [ RunTime:0.001220s ]
INFO: [ app_begin ] --END-- [ RunTime:0.001637s ]
SQL: SELECT `user_nickname`,`user_name`,`user_id` FROM `think_user` WHERE `user_name` = 'thinkphp' AND `user_password` = '123456'  [ RunTime:0.0004s ]

[ 2018-12-19T08:38:41+08:00 ] 127.0.0.1 /322/BBSDemo/home/user/confirmLogin
INFO: [ app_init ] --START--
INFO: Run Behavior\BuildLiteBehavior [ RunTime:0.000085s ]
INFO: [ app_init ] --END-- [ RunTime:0.000495s ]
INFO: [ app_begin ] --START--
INFO: Run Behavior\ReadHtmlCacheBehavior [ RunTime:0.000376s ]
INFO: [ app_begin ] --END-- [ RunTime:0.000653s ]

[ 2018-12-19T08:41:22+08:00 ] 127.0.0.1 /322/BBSDemo/home/user/findUserByUsernameAndPassword
INFO: [ app_init ] --START--
INFO: Run Behavior\BuildLiteBehavior [ RunTime:0.000085s ]
INFO: [ app_init ] --END-- [ RunTime:0.000712s ]
INFO: [ app_begin ] --START--
INFO: Run Behavior\ReadHtmlCacheBehavior [ RunTime:0.000774s ]
INFO: [ app_begin ] --END-- [ RunTime:0.001087s ]
SQL: SELECT `user_nickname`,`user_name`,`user_id` FROM `think_user` WHERE `user_name` = 'thinkphp' AND `user_password` = '123456'  [ RunTime:0.0004s ]

[ 2018-12-19T08:41:22+08:00 ] 127.0.0.1 /322/BBSDemo/home/user/confirmLogin
INFO: [ app_init ] --START--
INFO: Run Behavior\BuildLiteBehavior [ RunTime:0.000081s ]
INFO: [ app_init ] --END-- [ RunTime:0.000474s ]
INFO: [ app_begin ] --START--
INFO: Run Behavior\ReadHtmlCacheBehavior [ RunTime:0.000607s ]
INFO: [ app_begin ] --END-- [ RunTime:0.001060s ]

[ 2018-12-19T08:47:56+08:00 ] 127.0.0.1 /322/BBSDemo/home/user/getUidSession
INFO: [ app_init ] --START--
INFO: Run Behavior\BuildLiteBehavior [ RunTime:0.000083s ]
INFO: [ app_init ] --END-- [ RunTime:0.000643s ]
INFO: [ app_begin ] --START--
INFO: Run Behavior\ReadHtmlCacheBehavior [ RunTime:0.000760s ]
INFO: [ app_begin ] --END-- [ RunTime:0.001144s ]

[ 2018-12-19T08:48:14+08:00 ] 127.0.0.1 /322/BBSDemo/home/user/findUserByUsernameAndPassword
INFO: [ app_init ] --START--
INFO: Run Behavior\BuildLiteBehavior [ RunTime:0.000098s ]
INFO: [ app_init ] --END-- [ RunTime:0.000712s ]
INFO: [ app_begin ] --START--
INFO: Run Behavior\ReadHtmlCacheBehavior [ RunTime:0.000444s ]
INFO: [ app_begin ] --END-- [ RunTime:0.000758s ]
SQL: SELECT `user_nickname`,`user_name`,`user_id` FROM `think_user` WHERE `user_name` = 'thinkphp' AND `user_password` = '123456'  [ RunTime:0.0005s ]

[ 2018-12-19T08:48:19+08:00 ] 127.0.0.1 /322/BBSDemo/home/user/confirmLogin
INFO: [ app_init ] --START--
INFO: Run Behavior\BuildLiteBehavior [ RunTime:0.000138s ]
INFO: [ app_init ] --END-- [ RunTime:0.000955s ]
INFO: [ app_begin ] --START--
INFO: Run Behavior\ReadHtmlCacheBehavior [ RunTime:0.000708s ]
INFO: [ app_begin ] --END-- [ RunTime:0.001175s ]

[ 2018-12-19T08:48:25+08:00 ] 127.0.0.1 /322/BBSDemo/home/user/getUidSession
INFO: [ app_init ] --START--
INFO: Run Behavior\BuildLiteBehavior [ RunTime:0.000076s ]
INFO: [ app_init ] --END-- [ RunTime:0.000570s ]
INFO: [ app_begin ] --START--
INFO: Run Behavior\ReadHtmlCacheBehavior [ RunTime:0.000498s ]
INFO: [ app_begin ] --END-- [ RunTime:0.000811s ]

[ 2018-12-19T08:48:56+08:00 ] 127.0.0.1 /322/BBSDemo/home/user/findUserByUsernameAndPassword
INFO: [ app_init ] --START--
INFO: Run Behavior\BuildLiteBehavior [ RunTime:0.000082s ]
INFO: [ app_init ] --END-- [ RunTime:0.000587s ]
INFO: [ app_begin ] --START--
INFO: Run Behavior\ReadHtmlCacheBehavior [ RunTime:0.000475s ]
INFO: [ app_begin ] --END-- [ RunTime:0.000772s ]
SQL: SELECT `user_nickname`,`user_name`,`user_id` FROM `think_user` WHERE `user_name` = 'thinkphp' AND `user_password` = '123456'  [ RunTime:0.0004s ]

[ 2018-12-19T08:48:56+08:00 ] 127.0.0.1 /322/BBSDemo/home/user/confirmLogin
INFO: [ app_init ] --START--
INFO: Run Behavior\BuildLiteBehavior [ RunTime:0.000082s ]
INFO: [ app_init ] --END-- [ RunTime:0.000470s ]
INFO: [ app_begin ] --START--
INFO: Run Behavior\ReadHtmlCacheBehavior [ RunTime:0.000750s ]
INFO: [ app_begin ] --END-- [ RunTime:0.001355s ]

[ 2018-12-19T08:50:30+08:00 ] 127.0.0.1 /322/BBSDemo/home/user/findUserByUsernameAndPassword
INFO: [ app_init ] --START--
INFO: Run Behavior\BuildLiteBehavior [ RunTime:0.000083s ]
INFO: [ app_init ] --END-- [ RunTime:0.000682s ]
INFO: [ app_begin ] --START--
INFO: Run Behavior\ReadHtmlCacheBehavior [ RunTime:0.001204s ]
INFO: [ app_begin ] --END-- [ RunTime:0.001689s ]
SQL: SELECT `user_nickname`,`user_name`,`user_id` FROM `think_user` WHERE `user_name` = 'thinkphp' AND `user_password` = '123456'  [ RunTime:0.0005s ]

[ 2018-12-19T08:50:30+08:00 ] 127.0.0.1 /322/BBSDemo/home/user/confirmLogin
INFO: [ app_init ] --START--
INFO: Run Behavior\BuildLiteBehavior [ RunTime:0.000083s ]
INFO: [ app_init ] --END-- [ RunTime:0.000474s ]
INFO: [ app_begin ] --START--
INFO: Run Behavior\ReadHtmlCacheBehavior [ RunTime:0.000390s ]
INFO: [ app_begin ] --END-- [ RunTime:0.000718s ]

[ 2018-12-19T08:51:15+08:00 ] 127.0.0.1 /322/BBSDemo/home/user/getUidSession
INFO: [ app_init ] --START--
INFO: Run Behavior\BuildLiteBehavior [ RunTime:0.000083s ]
INFO: [ app_init ] --END-- [ RunTime:0.000572s ]
INFO: [ app_begin ] --START--
INFO: Run Behavior\ReadHtmlCacheBehavior [ RunTime:0.000618s ]
INFO: [ app_begin ] --END-- [ RunTime:0.001077s ]

[ 2018-12-19T08:51:20+08:00 ] 127.0.0.1 /322/BBSDemo/home/user/getUidSession
INFO: [ app_init ] --START--
INFO: Run Behavior\BuildLiteBehavior [ RunTime:0.000116s ]
INFO: [ app_init ] --END-- [ RunTime:0.000800s ]
INFO: [ app_begin ] --START--
INFO: Run Behavior\ReadHtmlCacheBehavior [ RunTime:0.000574s ]
INFO: [ app_begin ] --END-- [ RunTime:0.000997s ]

[ 2018-12-19T08:52:34+08:00 ] 127.0.0.1 /322/BBSDemo/home/user/getUidSession
INFO: [ app_init ] --START--
INFO: Run Behavior\BuildLiteBehavior [ RunTime:0.000150s ]
INFO: [ app_init ] --END-- [ RunTime:0.001155s ]
INFO: [ app_begin ] --START--
INFO: Run Behavior\ReadHtmlCacheBehavior [ RunTime:0.000835s ]
INFO: [ app_begin ] --END-- [ RunTime:0.001161s ]

[ 2018-12-19T08:52:53+08:00 ] 127.0.0.1 /322/BBSDemo/home/user/findUserByUsernameAndPassword
INFO: [ app_init ] --START--
INFO: Run Behavior\BuildLiteBehavior [ RunTime:0.000084s ]
INFO: [ app_init ] --END-- [ RunTime:0.000579s ]
INFO: [ app_begin ] --START--
INFO: Run Behavior\ReadHtmlCacheBehavior [ RunTime:0.000461s ]
INFO: [ app_begin ] --END-- [ RunTime:0.000769s ]
SQL: SELECT `user_nickname`,`user_name`,`user_id` FROM `think_user` WHERE `user_name` = 'thinkphp2' AND `user_password` = '123456'  [ RunTime:0.0004s ]

[ 2018-12-19T08:52:53+08:00 ] 127.0.0.1 /322/BBSDemo/home/user/confirmLogin
INFO: [ app_init ] --START--
INFO: Run Behavior\BuildLiteBehavior [ RunTime:0.000137s ]
INFO: [ app_init ] --END-- [ RunTime:0.000765s ]
INFO: [ app_begin ] --START--
INFO: Run Behavior\ReadHtmlCacheBehavior [ RunTime:0.000399s ]
INFO: [ app_begin ] --END-- [ RunTime:0.000732s ]

[ 2018-12-19T08:52:54+08:00 ] 127.0.0.1 /322/BBSDemo/home/user/getUidSession
INFO: [ app_init ] --START--
INFO: Run Behavior\BuildLiteBehavior [ RunTime:0.000102s ]
INFO: [ app_init ] --END-- [ RunTime:0.000703s ]
INFO: [ app_begin ] --START--
INFO: Run Behavior\ReadHtmlCacheBehavior [ RunTime:0.000427s ]
INFO: [ app_begin ] --END-- [ RunTime:0.000751s ]

