[ 2018-12-18T10:46:03+08:00 ] ::1 /322/bbsdemo/home
INFO: [ app_init ] --START--
INFO: Run Behavior\BuildLiteBehavior [ RunTime:0.000084s ]
INFO: [ app_init ] --END-- [ RunTime:0.000443s ]
INFO: [ app_begin ] --START--
INFO: Run Behavior\ReadHtmlCacheBehavior [ RunTime:0.000878s ]
INFO: [ app_begin ] --END-- [ RunTime:0.001234s ]
INFO: [ view_parse ] --START--
INFO: [ template_filter ] --START--
INFO: Run Behavior\ContentReplaceBehavior [ RunTime:0.000246s ]
INFO: [ template_filter ] --END-- [ RunTime:0.000565s ]
INFO: Run Behavior\ParseTemplateBehavior [ RunTime:0.017531s ]
INFO: [ view_parse ] --END-- [ RunTime:0.017922s ]
INFO: [ view_filter ] --START--
INFO: Run Behavior\WriteHtmlCacheBehavior [ RunTime:0.000703s ]
INFO: [ view_filter ] --END-- [ RunTime:0.001012s ]
INFO: [ app_end ] --START--
INFO: Run Behavior\ShowPageTraceBehavior [ RunTime:0.000827s ]
INFO: [ app_end ] --END-- [ RunTime:0.001198s ]

[ 2018-12-18T14:34:23+08:00 ] ::1 /322/bbsdemo/home
INFO: [ app_init ] --START--
INFO: Run Behavior\BuildLiteBehavior [ RunTime:0.000088s ]
INFO: [ app_init ] --END-- [ RunTime:0.001623s ]
INFO: [ app_begin ] --START--
INFO: Run Behavior\ReadHtmlCacheBehavior [ RunTime:0.000892s ]
INFO: [ app_begin ] --END-- [ RunTime:0.001271s ]
INFO: [ view_parse ] --START--
INFO: [ template_filter ] --START--
INFO: Run Behavior\ContentReplaceBehavior [ RunTime:0.000165s ]
INFO: [ template_filter ] --END-- [ RunTime:0.000483s ]
INFO: Run Behavior\ParseTemplateBehavior [ RunTime:0.023712s ]
INFO: [ view_parse ] --END-- [ RunTime:0.024051s ]
INFO: [ view_filter ] --START--
INFO: Run Behavior\WriteHtmlCacheBehavior [ RunTime:0.000911s ]
INFO: [ view_filter ] --END-- [ RunTime:0.001228s ]
INFO: [ app_end ] --START--
INFO: Run Behavior\ShowPageTraceBehavior [ RunTime:0.000721s ]
INFO: [ app_end ] --END-- [ RunTime:0.001028s ]

[ 2018-12-18T14:54:49+08:00 ] ::1 /322/bbsdemo/home/user/findUserByUsernameAndPassword
INFO: [ app_init ] --START--
INFO: Run Behavior\BuildLiteBehavior [ RunTime:0.000084s ]
INFO: [ app_init ] --END-- [ RunTime:0.000680s ]
INFO: [ app_begin ] --START--
INFO: Run Behavior\ReadHtmlCacheBehavior [ RunTime:0.000813s ]
INFO: [ app_begin ] --END-- [ RunTime:0.001217s ]
ERR: 无法加载数据库驱动: Think\Db\Driver\

[ 2018-12-18T14:55:38+08:00 ] ::1 /322/bbsdemo/home/user/findUserByUsernameAndPassword
INFO: [ app_init ] --START--
INFO: Run Behavior\BuildLiteBehavior [ RunTime:0.000084s ]
INFO: [ app_init ] --END-- [ RunTime:0.000607s ]
INFO: [ app_begin ] --START--
INFO: Run Behavior\ReadHtmlCacheBehavior [ RunTime:0.000493s ]
INFO: [ app_begin ] --END-- [ RunTime:0.000814s ]
ERR: 无法加载数据库驱动: Think\Db\Driver\

[ 2018-12-18T15:01:32+08:00 ] ::1 /322/bbsdemo/home/user/findUserByUsernameAndPassword
INFO: [ app_init ] --START--
INFO: Run Behavior\BuildLiteBehavior [ RunTime:0.000083s ]
INFO: [ app_init ] --END-- [ RunTime:0.000679s ]
INFO: [ app_begin ] --START--
INFO: Run Behavior\ReadHtmlCacheBehavior [ RunTime:0.001049s ]
INFO: [ app_begin ] --END-- [ RunTime:0.001620s ]
ERR: 无法加载数据库驱动: Think\Db\Driver\

[ 2018-12-18T15:01:37+08:00 ] ::1 /322/bbsdemo/home/user/findUserByUsernameAndPassword
INFO: [ app_init ] --START--
INFO: Run Behavior\BuildLiteBehavior [ RunTime:0.000085s ]
INFO: [ app_init ] --END-- [ RunTime:0.000594s ]
INFO: [ app_begin ] --START--
INFO: Run Behavior\ReadHtmlCacheBehavior [ RunTime:0.000501s ]
INFO: [ app_begin ] --END-- [ RunTime:0.000859s ]
ERR: 无法加载数据库驱动: Think\Db\Driver\

[ 2018-12-18T15:02:31+08:00 ] ::1 /322/bbsdemo/home/user/findUserByUsernameAndPassword
INFO: [ app_init ] --START--
INFO: Run Behavior\BuildLiteBehavior [ RunTime:0.000085s ]
INFO: [ app_init ] --END-- [ RunTime:0.000594s ]
INFO: [ app_begin ] --START--
INFO: Run Behavior\ReadHtmlCacheBehavior [ RunTime:0.001126s ]
INFO: [ app_begin ] --END-- [ RunTime:0.001654s ]
SQL: SHOW COLUMNS FROM `think_user` [ RunTime:0.0020s ]
SQL: SELECT * FROM `think_user` WHERE `user_name` = '' AND `user_password` = ''  [ RunTime:0.0012s ]

[ 2018-12-18T15:03:10+08:00 ] ::1 /322/bbsdemo/home/user/findUserByUsernameAndPassword
INFO: [ app_init ] --START--
INFO: Run Behavior\BuildLiteBehavior [ RunTime:0.000083s ]
INFO: [ app_init ] --END-- [ RunTime:0.000568s ]
INFO: [ app_begin ] --START--
INFO: Run Behavior\ReadHtmlCacheBehavior [ RunTime:0.000460s ]
INFO: [ app_begin ] --END-- [ RunTime:0.000798s ]
SQL: SELECT * FROM `think_user` WHERE `user_name` = '' AND `user_password` = ''  [ RunTime:0.0010s ]

[ 2018-12-18T15:03:29+08:00 ] ::1 /322/bbsdemo/home/user/findUserByUsernameAndPassword
INFO: [ app_init ] --START--
INFO: Run Behavior\BuildLiteBehavior [ RunTime:0.000075s ]
INFO: [ app_init ] --END-- [ RunTime:0.000577s ]
INFO: [ app_begin ] --START--
INFO: Run Behavior\ReadHtmlCacheBehavior [ RunTime:0.000468s ]
INFO: [ app_begin ] --END-- [ RunTime:0.000784s ]
SQL: SELECT * FROM `think_user` WHERE `user_name` = '' AND `user_password` = ''  [ RunTime:0.0005s ]

[ 2018-12-18T15:04:44+08:00 ] ::1 /322/bbsdemo/home/user/findUserByUsernameAndPassword
INFO: [ app_init ] --START--
INFO: Run Behavior\BuildLiteBehavior [ RunTime:0.000083s ]
INFO: [ app_init ] --END-- [ RunTime:0.000685s ]
INFO: [ app_begin ] --START--
INFO: Run Behavior\ReadHtmlCacheBehavior [ RunTime:0.000745s ]
INFO: [ app_begin ] --END-- [ RunTime:0.001170s ]
SQL: SELECT * FROM `think_user` WHERE `user_name` = 'thinkphp' AND `user_password` = '123456'  [ RunTime:0.0009s ]

[ 2018-12-18T15:06:22+08:00 ] ::1 /322/bbsdemo/home/user/findUserByUsernameAndPassword
INFO: [ app_init ] --START--
INFO: Run Behavior\BuildLiteBehavior [ RunTime:0.000091s ]
INFO: [ app_init ] --END-- [ RunTime:0.000720s ]
INFO: [ app_begin ] --START--
INFO: Run Behavior\ReadHtmlCacheBehavior [ RunTime:0.000519s ]
INFO: [ app_begin ] --END-- [ RunTime:0.000860s ]
SQL: SELECT * FROM `think_user` WHERE `user_name` = '' AND `user_password` = ''  [ RunTime:0.0005s ]

[ 2018-12-18T15:06:26+08:00 ] ::1 /322/bbsdemo/home/user/findUserByUsernameAndPassword
INFO: [ app_init ] --START--
INFO: Run Behavior\BuildLiteBehavior [ RunTime:0.000161s ]
INFO: [ app_init ] --END-- [ RunTime:0.001323s ]
INFO: [ app_begin ] --START--
INFO: Run Behavior\ReadHtmlCacheBehavior [ RunTime:0.000751s ]
INFO: [ app_begin ] --END-- [ RunTime:0.001071s ]
SQL: SELECT * FROM `think_user` WHERE `user_name` = 'thinkphp' AND `user_password` = '123456'  [ RunTime:0.0004s ]

[ 2018-12-18T15:06:58+08:00 ] ::1 /322/bbsdemo/home/user/findUserByUsernameAndPassword
INFO: [ app_init ] --START--
INFO: Run Behavior\BuildLiteBehavior [ RunTime:0.000085s ]
INFO: [ app_init ] --END-- [ RunTime:0.000689s ]
INFO: [ app_begin ] --START--
INFO: Run Behavior\ReadHtmlCacheBehavior [ RunTime:0.000801s ]
INFO: [ app_begin ] --END-- [ RunTime:0.001179s ]
SQL: SELECT * FROM `think_user` WHERE `user_name` = 'thinkphp' AND `user_password` = '123456'  [ RunTime:0.0003s ]

[ 2018-12-18T15:07:16+08:00 ] ::1 /322/bbsdemo/home/user/findUserByUsernameAndPassword
INFO: [ app_init ] --START--
INFO: Run Behavior\BuildLiteBehavior [ RunTime:0.000086s ]
INFO: [ app_init ] --END-- [ RunTime:0.000575s ]
INFO: [ app_begin ] --START--
INFO: Run Behavior\ReadHtmlCacheBehavior [ RunTime:0.000474s ]
INFO: [ app_begin ] --END-- [ RunTime:0.000897s ]
SQL: SELECT `user_nickname`,`user_name`,`user_id` FROM `think_user` WHERE `user_name` = 'thinkphp' AND `user_password` = '123456'  [ RunTime:0.0004s ]

