[ 2018-12-22T06:16:47+08:00 ] 127.0.0.1 /322/BBSDemo/home/user/getUidSession
INFO: [ app_init ] --START--
INFO: Run Behavior\BuildLiteBehavior [ RunTime:0.000094s ]
INFO: [ app_init ] --END-- [ RunTime:0.000946s ]
INFO: [ app_begin ] --START--
INFO: Run Behavior\ReadHtmlCacheBehavior [ RunTime:0.001041s ]
INFO: [ app_begin ] --END-- [ RunTime:0.001489s ]

[ 2018-12-22T06:16:47+08:00 ] 127.0.0.1 /322/bbsdemo/home/article/allArticle
INFO: [ app_init ] --START--
INFO: Run Behavior\BuildLiteBehavior [ RunTime:0.000162s ]
INFO: [ app_init ] --END-- [ RunTime:0.001368s ]
INFO: [ app_begin ] --START--
INFO: Run Behavior\ReadHtmlCacheBehavior [ RunTime:0.001016s ]
INFO: [ app_begin ] --END-- [ RunTime:0.001466s ]
SQL: SELECT * FROM think_article a INNER JOIN think_user u where u.user_id=a.author_id  ORDER BY a.article_create_time desc LIMIT 0,5   [ RunTime:0.0063s ]

[ 2018-12-22T06:17:40+08:00 ] 127.0.0.1 /322/bbsdemo/home/article/allArticle
INFO: [ app_init ] --START--
INFO: Run Behavior\BuildLiteBehavior [ RunTime:0.000085s ]
INFO: [ app_init ] --END-- [ RunTime:0.000674s ]
INFO: [ app_begin ] --START--
INFO: Run Behavior\ReadHtmlCacheBehavior [ RunTime:0.000611s ]
INFO: [ app_begin ] --END-- [ RunTime:0.000939s ]
SQL: SELECT * FROM think_article a INNER JOIN think_user u where u.user_id=a.author_id  ORDER BY a.article_create_time desc LIMIT 80,5   [ RunTime:0.0042s ]

[ 2018-12-22T06:17:41+08:00 ] 127.0.0.1 /322/bbsdemo/home/article/allArticle
INFO: [ app_init ] --START--
INFO: Run Behavior\BuildLiteBehavior [ RunTime:0.000084s ]
INFO: [ app_init ] --END-- [ RunTime:0.000474s ]
INFO: [ app_begin ] --START--
INFO: Run Behavior\ReadHtmlCacheBehavior [ RunTime:0.000370s ]
INFO: [ app_begin ] --END-- [ RunTime:0.000655s ]
SQL: SELECT * FROM think_article a INNER JOIN think_user u where u.user_id=a.author_id  ORDER BY a.article_create_time desc LIMIT 75,5   [ RunTime:0.0047s ]

[ 2018-12-22T06:17:42+08:00 ] 127.0.0.1 /322/bbsdemo/home/article/allArticle
INFO: [ app_init ] --START--
INFO: Run Behavior\BuildLiteBehavior [ RunTime:0.000111s ]
INFO: [ app_init ] --END-- [ RunTime:0.000672s ]
INFO: [ app_begin ] --START--
INFO: Run Behavior\ReadHtmlCacheBehavior [ RunTime:0.000445s ]
INFO: [ app_begin ] --END-- [ RunTime:0.000815s ]
SQL: SELECT * FROM think_article a INNER JOIN think_user u where u.user_id=a.author_id  ORDER BY a.article_create_time desc LIMIT 85,5   [ RunTime:0.0037s ]

[ 2018-12-22T06:17:43+08:00 ] 127.0.0.1 /322/bbsdemo/home/article/allArticle
INFO: [ app_init ] --START--
INFO: Run Behavior\BuildLiteBehavior [ RunTime:0.000085s ]
INFO: [ app_init ] --END-- [ RunTime:0.000580s ]
INFO: [ app_begin ] --START--
INFO: Run Behavior\ReadHtmlCacheBehavior [ RunTime:0.001345s ]
INFO: [ app_begin ] --END-- [ RunTime:0.001924s ]
SQL: SELECT * FROM think_article a INNER JOIN think_user u where u.user_id=a.author_id  ORDER BY a.article_create_time desc LIMIT 80,5   [ RunTime:0.0033s ]

[ 2018-12-22T06:17:45+08:00 ] 127.0.0.1 /322/bbsdemo/home/article/allArticle
INFO: [ app_init ] --START--
INFO: Run Behavior\BuildLiteBehavior [ RunTime:0.000086s ]
INFO: [ app_init ] --END-- [ RunTime:0.000499s ]
INFO: [ app_begin ] --START--
INFO: Run Behavior\ReadHtmlCacheBehavior [ RunTime:0.001007s ]
INFO: [ app_begin ] --END-- [ RunTime:0.001637s ]
SQL: SELECT * FROM think_article a INNER JOIN think_user u where u.user_id=a.author_id  ORDER BY a.article_create_time desc LIMIT 85,5   [ RunTime:0.0033s ]

[ 2018-12-22T06:17:46+08:00 ] 127.0.0.1 /322/bbsdemo/home/article/allArticle
INFO: [ app_init ] --START--
INFO: Run Behavior\BuildLiteBehavior [ RunTime:0.000084s ]
INFO: [ app_init ] --END-- [ RunTime:0.000575s ]
INFO: [ app_begin ] --START--
INFO: Run Behavior\ReadHtmlCacheBehavior [ RunTime:0.000456s ]
INFO: [ app_begin ] --END-- [ RunTime:0.000737s ]
SQL: SELECT * FROM think_article a INNER JOIN think_user u where u.user_id=a.author_id  ORDER BY a.article_create_time desc LIMIT 80,5   [ RunTime:0.0005s ]

[ 2018-12-22T06:17:47+08:00 ] 127.0.0.1 /322/bbsdemo/home/article/allArticle
INFO: [ app_init ] --START--
INFO: Run Behavior\BuildLiteBehavior [ RunTime:0.000085s ]
INFO: [ app_init ] --END-- [ RunTime:0.000476s ]
INFO: [ app_begin ] --START--
INFO: Run Behavior\ReadHtmlCacheBehavior [ RunTime:0.000632s ]
INFO: [ app_begin ] --END-- [ RunTime:0.001151s ]
SQL: SELECT * FROM think_article a INNER JOIN think_user u where u.user_id=a.author_id  ORDER BY a.article_create_time desc LIMIT 85,5   [ RunTime:0.0009s ]

[ 2018-12-22T06:17:48+08:00 ] 127.0.0.1 /322/bbsdemo/home/article/allArticle
INFO: [ app_init ] --START--
INFO: Run Behavior\BuildLiteBehavior [ RunTime:0.000083s ]
INFO: [ app_init ] --END-- [ RunTime:0.000477s ]
INFO: [ app_begin ] --START--
INFO: Run Behavior\ReadHtmlCacheBehavior [ RunTime:0.000461s ]
INFO: [ app_begin ] --END-- [ RunTime:0.000823s ]
SQL: SELECT * FROM think_article a INNER JOIN think_user u where u.user_id=a.author_id  ORDER BY a.article_create_time desc LIMIT 80,5   [ RunTime:0.0015s ]

[ 2018-12-22T06:17:49+08:00 ] 127.0.0.1 /322/bbsdemo/home/article/allArticle
INFO: [ app_init ] --START--
INFO: Run Behavior\BuildLiteBehavior [ RunTime:0.000084s ]
INFO: [ app_init ] --END-- [ RunTime:0.000585s ]
INFO: [ app_begin ] --START--
INFO: Run Behavior\ReadHtmlCacheBehavior [ RunTime:0.000469s ]
INFO: [ app_begin ] --END-- [ RunTime:0.000765s ]
SQL: SELECT * FROM think_article a INNER JOIN think_user u where u.user_id=a.author_id  ORDER BY a.article_create_time desc LIMIT 75,5   [ RunTime:0.0005s ]

[ 2018-12-22T06:17:50+08:00 ] 127.0.0.1 /322/bbsdemo/home/article/allArticle
INFO: [ app_init ] --START--
INFO: Run Behavior\BuildLiteBehavior [ RunTime:0.000096s ]
INFO: [ app_init ] --END-- [ RunTime:0.000570s ]
INFO: [ app_begin ] --START--
INFO: Run Behavior\ReadHtmlCacheBehavior [ RunTime:0.000372s ]
INFO: [ app_begin ] --END-- [ RunTime:0.000686s ]
SQL: SELECT * FROM think_article a INNER JOIN think_user u where u.user_id=a.author_id  ORDER BY a.article_create_time desc LIMIT 80,5   [ RunTime:0.0006s ]

[ 2018-12-22T06:17:51+08:00 ] 127.0.0.1 /322/bbsdemo/home/article/allArticle
INFO: [ app_init ] --START--
INFO: Run Behavior\BuildLiteBehavior [ RunTime:0.000083s ]
INFO: [ app_init ] --END-- [ RunTime:0.000545s ]
INFO: [ app_begin ] --START--
INFO: Run Behavior\ReadHtmlCacheBehavior [ RunTime:0.000370s ]
INFO: [ app_begin ] --END-- [ RunTime:0.000653s ]
SQL: SELECT * FROM think_article a INNER JOIN think_user u where u.user_id=a.author_id  ORDER BY a.article_create_time desc LIMIT 0,5   [ RunTime:0.0008s ]

[ 2018-12-22T06:17:53+08:00 ] 127.0.0.1 /322/bbsdemo/home/article/allArticle
INFO: [ app_init ] --START--
INFO: Run Behavior\BuildLiteBehavior [ RunTime:0.000084s ]
INFO: [ app_init ] --END-- [ RunTime:0.000621s ]
INFO: [ app_begin ] --START--
INFO: Run Behavior\ReadHtmlCacheBehavior [ RunTime:0.000460s ]
INFO: [ app_begin ] --END-- [ RunTime:0.000749s ]
SQL: SELECT * FROM think_article a INNER JOIN think_user u where u.user_id=a.author_id  ORDER BY a.article_create_time desc LIMIT 80,5   [ RunTime:0.0033s ]

[ 2018-12-22T06:17:54+08:00 ] 127.0.0.1 /322/bbsdemo/home/article/allArticle
INFO: [ app_init ] --START--
INFO: Run Behavior\BuildLiteBehavior [ RunTime:0.000093s ]
INFO: [ app_init ] --END-- [ RunTime:0.000549s ]
INFO: [ app_begin ] --START--
INFO: Run Behavior\ReadHtmlCacheBehavior [ RunTime:0.000376s ]
INFO: [ app_begin ] --END-- [ RunTime:0.000688s ]
SQL: SELECT * FROM think_article a INNER JOIN think_user u where u.user_id=a.author_id  ORDER BY a.article_create_time desc LIMIT 85,5   [ RunTime:0.0005s ]

[ 2018-12-22T06:17:56+08:00 ] 127.0.0.1 /322/bbsdemo/home/article/allArticle
INFO: [ app_init ] --START--
INFO: Run Behavior\BuildLiteBehavior [ RunTime:0.000083s ]
INFO: [ app_init ] --END-- [ RunTime:0.000567s ]
INFO: [ app_begin ] --START--
INFO: Run Behavior\ReadHtmlCacheBehavior [ RunTime:0.000472s ]
INFO: [ app_begin ] --END-- [ RunTime:0.000796s ]
SQL: SELECT * FROM think_article a INNER JOIN think_user u where u.user_id=a.author_id  ORDER BY a.article_create_time desc LIMIT 80,5   [ RunTime:0.0006s ]

[ 2018-12-22T06:17:56+08:00 ] 127.0.0.1 /322/bbsdemo/home/article/allArticle
INFO: [ app_init ] --START--
INFO: Run Behavior\BuildLiteBehavior [ RunTime:0.000094s ]
INFO: [ app_init ] --END-- [ RunTime:0.000500s ]
INFO: [ app_begin ] --START--
INFO: Run Behavior\ReadHtmlCacheBehavior [ RunTime:0.000386s ]
INFO: [ app_begin ] --END-- [ RunTime:0.000680s ]
SQL: SELECT * FROM think_article a INNER JOIN think_user u where u.user_id=a.author_id  ORDER BY a.article_create_time desc LIMIT 75,5   [ RunTime:0.0006s ]

[ 2018-12-22T06:17:57+08:00 ] 127.0.0.1 /322/bbsdemo/home/article/allArticle
INFO: [ app_init ] --START--
INFO: Run Behavior\BuildLiteBehavior [ RunTime:0.000105s ]
INFO: [ app_init ] --END-- [ RunTime:0.000506s ]
INFO: [ app_begin ] --START--
INFO: Run Behavior\ReadHtmlCacheBehavior [ RunTime:0.000339s ]
INFO: [ app_begin ] --END-- [ RunTime:0.000674s ]
SQL: SELECT * FROM think_article a INNER JOIN think_user u where u.user_id=a.author_id  ORDER BY a.article_create_time desc LIMIT 70,5   [ RunTime:0.0006s ]

[ 2018-12-22T06:17:58+08:00 ] 127.0.0.1 /322/bbsdemo/home/article/allArticle
INFO: [ app_init ] --START--
INFO: Run Behavior\BuildLiteBehavior [ RunTime:0.000090s ]
INFO: [ app_init ] --END-- [ RunTime:0.000532s ]
INFO: [ app_begin ] --START--
INFO: Run Behavior\ReadHtmlCacheBehavior [ RunTime:0.000437s ]
INFO: [ app_begin ] --END-- [ RunTime:0.000819s ]
SQL: SELECT * FROM think_article a INNER JOIN think_user u where u.user_id=a.author_id  ORDER BY a.article_create_time desc LIMIT 85,5   [ RunTime:0.0005s ]

[ 2018-12-22T06:21:45+08:00 ] 127.0.0.1 /322/bbsdemo/home/article/allArticle
INFO: [ app_init ] --START--
INFO: Run Behavior\BuildLiteBehavior [ RunTime:0.000092s ]
INFO: [ app_init ] --END-- [ RunTime:0.000910s ]
INFO: [ app_begin ] --START--
INFO: Run Behavior\ReadHtmlCacheBehavior [ RunTime:0.000976s ]
INFO: [ app_begin ] --END-- [ RunTime:0.001311s ]
SQL: SELECT * FROM think_article a INNER JOIN think_user u where u.user_id=a.author_id  ORDER BY a.article_create_time desc LIMIT 0,5   [ RunTime:0.0006s ]

[ 2018-12-22T06:21:45+08:00 ] 127.0.0.1 /322/BBSDemo/home/user/getUidSession
INFO: [ app_init ] --START--
INFO: Run Behavior\BuildLiteBehavior [ RunTime:0.000089s ]
INFO: [ app_init ] --END-- [ RunTime:0.000887s ]
INFO: [ app_begin ] --START--
INFO: Run Behavior\ReadHtmlCacheBehavior [ RunTime:0.001054s ]
INFO: [ app_begin ] --END-- [ RunTime:0.001370s ]

[ 2018-12-22T06:21:45+08:00 ] 127.0.0.1 /322/bbsdemo/home/article/countArticle
INFO: [ app_init ] --START--
INFO: Run Behavior\BuildLiteBehavior [ RunTime:0.000090s ]
INFO: [ app_init ] --END-- [ RunTime:0.000894s ]
INFO: [ app_begin ] --START--
INFO: Run Behavior\ReadHtmlCacheBehavior [ RunTime:0.001059s ]
INFO: [ app_begin ] --END-- [ RunTime:0.001377s ]
SQL: SELECT COUNT(*) AS tp_count FROM `think_article` LIMIT 1   [ RunTime:0.0003s ]

[ 2018-12-22T06:23:05+08:00 ] 127.0.0.1 /322/bbsdemo/home/article/allArticle
INFO: [ app_init ] --START--
INFO: Run Behavior\BuildLiteBehavior [ RunTime:0.000089s ]
INFO: [ app_init ] --END-- [ RunTime:0.000558s ]
INFO: [ app_begin ] --START--
INFO: Run Behavior\ReadHtmlCacheBehavior [ RunTime:0.001270s ]
INFO: [ app_begin ] --END-- [ RunTime:0.002059s ]
SQL: SELECT * FROM think_article a INNER JOIN think_user u where u.user_id=a.author_id  ORDER BY a.article_create_time desc LIMIT 0,5   [ RunTime:0.0004s ]

[ 2018-12-22T06:23:06+08:00 ] 127.0.0.1 /322/bbsdemo/home/article/countArticle
INFO: [ app_init ] --START--
INFO: Run Behavior\BuildLiteBehavior [ RunTime:0.000093s ]
INFO: [ app_init ] --END-- [ RunTime:0.000691s ]
INFO: [ app_begin ] --START--
INFO: Run Behavior\ReadHtmlCacheBehavior [ RunTime:0.001348s ]
INFO: [ app_begin ] --END-- [ RunTime:0.002127s ]
SQL: SELECT COUNT(*) AS tp_count FROM `think_article` LIMIT 1   [ RunTime:0.0004s ]

[ 2018-12-22T06:23:06+08:00 ] 127.0.0.1 /322/BBSDemo/home/user/getUidSession
INFO: [ app_init ] --START--
INFO: Run Behavior\BuildLiteBehavior [ RunTime:0.000100s ]
INFO: [ app_init ] --END-- [ RunTime:0.000678s ]
INFO: [ app_begin ] --START--
INFO: Run Behavior\ReadHtmlCacheBehavior [ RunTime:0.001329s ]
INFO: [ app_begin ] --END-- [ RunTime:0.002162s ]

[ 2018-12-22T06:23:28+08:00 ] 127.0.0.1 /322/bbsdemo/home/article/allArticle
INFO: [ app_init ] --START--
INFO: Run Behavior\BuildLiteBehavior [ RunTime:0.000094s ]
INFO: [ app_init ] --END-- [ RunTime:0.000607s ]
INFO: [ app_begin ] --START--
INFO: Run Behavior\ReadHtmlCacheBehavior [ RunTime:0.000491s ]
INFO: [ app_begin ] --END-- [ RunTime:0.000824s ]
SQL: SELECT * FROM think_article a INNER JOIN think_user u where u.user_id=a.author_id  ORDER BY a.article_create_time desc LIMIT 80,5   [ RunTime:0.0006s ]

[ 2018-12-22T06:23:35+08:00 ] 127.0.0.1 /322/bbsdemo/home/article/allArticle
INFO: [ app_init ] --START--
INFO: Run Behavior\BuildLiteBehavior [ RunTime:0.000088s ]
INFO: [ app_init ] --END-- [ RunTime:0.000623s ]
INFO: [ app_begin ] --START--
INFO: Run Behavior\ReadHtmlCacheBehavior [ RunTime:0.000489s ]
INFO: [ app_begin ] --END-- [ RunTime:0.000820s ]
SQL: SELECT * FROM think_article a INNER JOIN think_user u where u.user_id=a.author_id  ORDER BY a.article_create_time desc LIMIT 75,5   [ RunTime:0.0005s ]

[ 2018-12-22T06:23:37+08:00 ] 127.0.0.1 /322/bbsdemo/home/article/allArticle
INFO: [ app_init ] --START--
INFO: Run Behavior\BuildLiteBehavior [ RunTime:0.000108s ]
INFO: [ app_init ] --END-- [ RunTime:0.000533s ]
INFO: [ app_begin ] --START--
INFO: Run Behavior\ReadHtmlCacheBehavior [ RunTime:0.000390s ]
INFO: [ app_begin ] --END-- [ RunTime:0.000719s ]
SQL: SELECT * FROM think_article a INNER JOIN think_user u where u.user_id=a.author_id  ORDER BY a.article_create_time desc LIMIT 80,5   [ RunTime:0.0006s ]

[ 2018-12-22T06:26:33+08:00 ] 127.0.0.1 /322/bbsdemo/home/article/allArticle
INFO: [ app_init ] --START--
INFO: Run Behavior\BuildLiteBehavior [ RunTime:0.000113s ]
INFO: [ app_init ] --END-- [ RunTime:0.000983s ]
INFO: [ app_begin ] --START--
INFO: Run Behavior\ReadHtmlCacheBehavior [ RunTime:0.001870s ]
INFO: [ app_begin ] --END-- [ RunTime:0.002252s ]
SQL: SELECT * FROM think_article a INNER JOIN think_user u where u.user_id=a.author_id  ORDER BY a.article_create_time desc LIMIT 0,5   [ RunTime:0.0006s ]

[ 2018-12-22T06:26:33+08:00 ] 127.0.0.1 /322/BBSDemo/home/user/getUidSession
INFO: [ app_init ] --START--
INFO: Run Behavior\BuildLiteBehavior [ RunTime:0.000184s ]
INFO: [ app_init ] --END-- [ RunTime:0.000987s ]
INFO: [ app_begin ] --START--
INFO: Run Behavior\ReadHtmlCacheBehavior [ RunTime:0.002027s ]
INFO: [ app_begin ] --END-- [ RunTime:0.002411s ]

[ 2018-12-22T06:26:33+08:00 ] 127.0.0.1 /322/bbsdemo/home/article/countArticle
INFO: [ app_init ] --START--
INFO: Run Behavior\BuildLiteBehavior [ RunTime:0.000116s ]
INFO: [ app_init ] --END-- [ RunTime:0.001132s ]
INFO: [ app_begin ] --START--
INFO: Run Behavior\ReadHtmlCacheBehavior [ RunTime:0.001636s ]
INFO: [ app_begin ] --END-- [ RunTime:0.002098s ]
SQL: SELECT COUNT(*) AS tp_count FROM `think_article` LIMIT 1   [ RunTime:0.0003s ]

[ 2018-12-22T06:26:38+08:00 ] 127.0.0.1 /322/bbsdemo/home/article/allArticle
INFO: [ app_init ] --START--
INFO: Run Behavior\BuildLiteBehavior [ RunTime:0.000125s ]
INFO: [ app_init ] --END-- [ RunTime:0.000954s ]
INFO: [ app_begin ] --START--
INFO: Run Behavior\ReadHtmlCacheBehavior [ RunTime:0.000572s ]
INFO: [ app_begin ] --END-- [ RunTime:0.000992s ]
SQL: SELECT * FROM think_article a INNER JOIN think_user u where u.user_id=a.author_id  ORDER BY a.article_create_time desc LIMIT 0,5   [ RunTime:0.0004s ]

[ 2018-12-22T06:26:38+08:00 ] 127.0.0.1 /322/BBSDemo/home/user/getUidSession
INFO: [ app_init ] --START--
INFO: Run Behavior\BuildLiteBehavior [ RunTime:0.000125s ]
INFO: [ app_init ] --END-- [ RunTime:0.000878s ]
INFO: [ app_begin ] --START--
INFO: Run Behavior\ReadHtmlCacheBehavior [ RunTime:0.000776s ]
INFO: [ app_begin ] --END-- [ RunTime:0.001299s ]

[ 2018-12-22T06:26:38+08:00 ] 127.0.0.1 /322/bbsdemo/home/article/countArticle
INFO: [ app_init ] --START--
INFO: Run Behavior\BuildLiteBehavior [ RunTime:0.000191s ]
INFO: [ app_init ] --END-- [ RunTime:0.001074s ]
INFO: [ app_begin ] --START--
INFO: Run Behavior\ReadHtmlCacheBehavior [ RunTime:0.000867s ]
INFO: [ app_begin ] --END-- [ RunTime:0.001522s ]
SQL: SELECT COUNT(*) AS tp_count FROM `think_article` LIMIT 1   [ RunTime:0.0003s ]

[ 2018-12-22T06:26:41+08:00 ] 127.0.0.1 /322/bbsdemo/home/article/allArticle
INFO: [ app_init ] --START--
INFO: Run Behavior\BuildLiteBehavior [ RunTime:0.000122s ]
INFO: [ app_init ] --END-- [ RunTime:0.000787s ]
INFO: [ app_begin ] --START--
INFO: Run Behavior\ReadHtmlCacheBehavior [ RunTime:0.000492s ]
INFO: [ app_begin ] --END-- [ RunTime:0.000839s ]
SQL: SELECT * FROM think_article a INNER JOIN think_user u where u.user_id=a.author_id  ORDER BY a.article_create_time desc LIMIT 85,5   [ RunTime:0.0005s ]

[ 2018-12-22T06:26:49+08:00 ] 127.0.0.1 /322/bbsdemo/home/article/allArticle
INFO: [ app_init ] --START--
INFO: Run Behavior\BuildLiteBehavior [ RunTime:0.000092s ]
INFO: [ app_init ] --END-- [ RunTime:0.000701s ]
INFO: [ app_begin ] --START--
INFO: Run Behavior\ReadHtmlCacheBehavior [ RunTime:0.000491s ]
INFO: [ app_begin ] --END-- [ RunTime:0.000833s ]
SQL: SELECT * FROM think_article a INNER JOIN think_user u where u.user_id=a.author_id  ORDER BY a.article_create_time desc LIMIT 80,5   [ RunTime:0.0005s ]

[ 2018-12-22T06:26:50+08:00 ] 127.0.0.1 /322/bbsdemo/home/article/allArticle
INFO: [ app_init ] --START--
INFO: Run Behavior\BuildLiteBehavior [ RunTime:0.000093s ]
INFO: [ app_init ] --END-- [ RunTime:0.000505s ]
INFO: [ app_begin ] --START--
INFO: Run Behavior\ReadHtmlCacheBehavior [ RunTime:0.000386s ]
INFO: [ app_begin ] --END-- [ RunTime:0.000691s ]
SQL: SELECT * FROM think_article a INNER JOIN think_user u where u.user_id=a.author_id  ORDER BY a.article_create_time desc LIMIT 85,5   [ RunTime:0.0005s ]

[ 2018-12-22T06:26:51+08:00 ] 127.0.0.1 /322/bbsdemo/home/article/allArticle
INFO: [ app_init ] --START--
INFO: Run Behavior\BuildLiteBehavior [ RunTime:0.000121s ]
INFO: [ app_init ] --END-- [ RunTime:0.000556s ]
INFO: [ app_begin ] --START--
INFO: Run Behavior\ReadHtmlCacheBehavior [ RunTime:0.000379s ]
INFO: [ app_begin ] --END-- [ RunTime:0.000686s ]
SQL: SELECT * FROM think_article a INNER JOIN think_user u where u.user_id=a.author_id  ORDER BY a.article_create_time desc LIMIT 80,5   [ RunTime:0.0005s ]

[ 2018-12-22T06:26:52+08:00 ] 127.0.0.1 /322/bbsdemo/home/article/allArticle
INFO: [ app_init ] --START--
INFO: Run Behavior\BuildLiteBehavior [ RunTime:0.000083s ]
INFO: [ app_init ] --END-- [ RunTime:0.000585s ]
INFO: [ app_begin ] --START--
INFO: Run Behavior\ReadHtmlCacheBehavior [ RunTime:0.000529s ]
INFO: [ app_begin ] --END-- [ RunTime:0.000847s ]
SQL: SELECT * FROM think_article a INNER JOIN think_user u where u.user_id=a.author_id  ORDER BY a.article_create_time desc LIMIT 75,5   [ RunTime:0.0006s ]

[ 2018-12-22T06:26:53+08:00 ] 127.0.0.1 /322/bbsdemo/home/article/allArticle
INFO: [ app_init ] --START--
INFO: Run Behavior\BuildLiteBehavior [ RunTime:0.000083s ]
INFO: [ app_init ] --END-- [ RunTime:0.000480s ]
INFO: [ app_begin ] --START--
INFO: Run Behavior\ReadHtmlCacheBehavior [ RunTime:0.000435s ]
INFO: [ app_begin ] --END-- [ RunTime:0.000838s ]
SQL: SELECT * FROM think_article a INNER JOIN think_user u where u.user_id=a.author_id  ORDER BY a.article_create_time desc LIMIT 80,5   [ RunTime:0.0005s ]

[ 2018-12-22T06:26:55+08:00 ] 127.0.0.1 /322/bbsdemo/home/article/allArticle
INFO: [ app_init ] --START--
INFO: Run Behavior\BuildLiteBehavior [ RunTime:0.000133s ]
INFO: [ app_init ] --END-- [ RunTime:0.000894s ]
INFO: [ app_begin ] --START--
INFO: Run Behavior\ReadHtmlCacheBehavior [ RunTime:0.000720s ]
INFO: [ app_begin ] --END-- [ RunTime:0.001197s ]
SQL: SELECT * FROM think_article a INNER JOIN think_user u where u.user_id=a.author_id  ORDER BY a.article_create_time desc LIMIT 85,5   [ RunTime:0.0006s ]

[ 2018-12-22T06:26:56+08:00 ] 127.0.0.1 /322/bbsdemo/home/article/allArticle
INFO: [ app_init ] --START--
INFO: Run Behavior\BuildLiteBehavior [ RunTime:0.000136s ]
INFO: [ app_init ] --END-- [ RunTime:0.000786s ]
INFO: [ app_begin ] --START--
INFO: Run Behavior\ReadHtmlCacheBehavior [ RunTime:0.000429s ]
INFO: [ app_begin ] --END-- [ RunTime:0.000777s ]
SQL: SELECT * FROM think_article a INNER JOIN think_user u where u.user_id=a.author_id  ORDER BY a.article_create_time desc LIMIT 80,5   [ RunTime:0.0005s ]

[ 2018-12-22T06:26:56+08:00 ] 127.0.0.1 /322/bbsdemo/home/article/allArticle
INFO: [ app_init ] --START--
INFO: Run Behavior\BuildLiteBehavior [ RunTime:0.000084s ]
INFO: [ app_init ] --END-- [ RunTime:0.000504s ]
INFO: [ app_begin ] --START--
INFO: Run Behavior\ReadHtmlCacheBehavior [ RunTime:0.000391s ]
INFO: [ app_begin ] --END-- [ RunTime:0.000698s ]
SQL: SELECT * FROM think_article a INNER JOIN think_user u where u.user_id=a.author_id  ORDER BY a.article_create_time desc LIMIT 85,5   [ RunTime:0.0005s ]

[ 2018-12-22T06:27:06+08:00 ] 127.0.0.1 /322/bbsdemo/home/article/allArticle
INFO: [ app_init ] --START--
INFO: Run Behavior\BuildLiteBehavior [ RunTime:0.000084s ]
INFO: [ app_init ] --END-- [ RunTime:0.000574s ]
INFO: [ app_begin ] --START--
INFO: Run Behavior\ReadHtmlCacheBehavior [ RunTime:0.000495s ]
INFO: [ app_begin ] --END-- [ RunTime:0.000823s ]
SQL: SELECT * FROM think_article a INNER JOIN think_user u where u.user_id=a.author_id  ORDER BY a.article_create_time desc LIMIT 80,5   [ RunTime:0.0005s ]

[ 2018-12-22T06:30:50+08:00 ] ::1 /322/bbsdemo/home/article/allArticle
INFO: [ app_init ] --START--
INFO: Run Behavior\BuildLiteBehavior [ RunTime:0.000085s ]
INFO: [ app_init ] --END-- [ RunTime:0.000677s ]

[ 2018-12-22T06:31:09+08:00 ] ::1 /322/bbsdemo/home/article/allArticle
INFO: [ app_init ] --START--
INFO: Run Behavior\BuildLiteBehavior [ RunTime:0.000090s ]
INFO: [ app_init ] --END-- [ RunTime:0.000690s ]

[ 2018-12-22T06:32:53+08:00 ] 127.0.0.1 /322/bbsdemo/home/article/allArticle
INFO: [ app_init ] --START--
INFO: Run Behavior\BuildLiteBehavior [ RunTime:0.000083s ]
INFO: [ app_init ] --END-- [ RunTime:0.000568s ]
INFO: [ app_begin ] --START--
INFO: Run Behavior\ReadHtmlCacheBehavior [ RunTime:0.000453s ]
INFO: [ app_begin ] --END-- [ RunTime:0.000757s ]
SQL: SELECT * FROM think_article a INNER JOIN think_user u where u.user_id=a.author_id  ORDER BY a.article_create_time desc LIMIT 0,5   [ RunTime:0.0010s ]

[ 2018-12-22T06:33:05+08:00 ] 127.0.0.1 /322/bbsdemo/home/article/allArticle
INFO: [ app_init ] --START--
INFO: Run Behavior\BuildLiteBehavior [ RunTime:0.000087s ]
INFO: [ app_init ] --END-- [ RunTime:0.000590s ]
INFO: [ app_begin ] --START--
INFO: Run Behavior\ReadHtmlCacheBehavior [ RunTime:0.000458s ]
INFO: [ app_begin ] --END-- [ RunTime:0.000742s ]
SQL: SELECT * FROM think_article a INNER JOIN think_user u where u.user_id=a.author_id  ORDER BY a.article_create_time desc LIMIT 5,5   [ RunTime:0.0005s ]

[ 2018-12-22T06:33:05+08:00 ] 127.0.0.1 /322/bbsdemo/home/article/allArticle
INFO: [ app_init ] --START--
INFO: Run Behavior\BuildLiteBehavior [ RunTime:0.000118s ]
INFO: [ app_init ] --END-- [ RunTime:0.000485s ]
INFO: [ app_begin ] --START--
INFO: Run Behavior\ReadHtmlCacheBehavior [ RunTime:0.000344s ]
INFO: [ app_begin ] --END-- [ RunTime:0.000626s ]
SQL: SELECT * FROM think_article a INNER JOIN think_user u where u.user_id=a.author_id  ORDER BY a.article_create_time desc LIMIT 10,5   [ RunTime:0.0005s ]

[ 2018-12-22T06:33:05+08:00 ] 127.0.0.1 /322/bbsdemo/home/article/allArticle
INFO: [ app_init ] --START--
INFO: Run Behavior\BuildLiteBehavior [ RunTime:0.000087s ]
INFO: [ app_init ] --END-- [ RunTime:0.000480s ]
INFO: [ app_begin ] --START--
INFO: Run Behavior\ReadHtmlCacheBehavior [ RunTime:0.000586s ]
INFO: [ app_begin ] --END-- [ RunTime:0.000995s ]
SQL: SELECT * FROM think_article a INNER JOIN think_user u where u.user_id=a.author_id  ORDER BY a.article_create_time desc LIMIT 15,5   [ RunTime:0.0006s ]

[ 2018-12-22T06:33:06+08:00 ] 127.0.0.1 /322/bbsdemo/home/article/allArticle
INFO: [ app_init ] --START--
INFO: Run Behavior\BuildLiteBehavior [ RunTime:0.000083s ]
INFO: [ app_init ] --END-- [ RunTime:0.000480s ]
INFO: [ app_begin ] --START--
INFO: Run Behavior\ReadHtmlCacheBehavior [ RunTime:0.000373s ]
INFO: [ app_begin ] --END-- [ RunTime:0.000678s ]
SQL: SELECT * FROM think_article a INNER JOIN think_user u where u.user_id=a.author_id  ORDER BY a.article_create_time desc LIMIT 20,5   [ RunTime:0.0005s ]

[ 2018-12-22T06:33:06+08:00 ] 127.0.0.1 /322/bbsdemo/home/article/allArticle
INFO: [ app_init ] --START--
INFO: Run Behavior\BuildLiteBehavior [ RunTime:0.000087s ]
INFO: [ app_init ] --END-- [ RunTime:0.000549s ]
INFO: [ app_begin ] --START--
INFO: Run Behavior\ReadHtmlCacheBehavior [ RunTime:0.000378s ]
INFO: [ app_begin ] --END-- [ RunTime:0.000664s ]
SQL: SELECT * FROM think_article a INNER JOIN think_user u where u.user_id=a.author_id  ORDER BY a.article_create_time desc LIMIT 25,5   [ RunTime:0.0004s ]

[ 2018-12-22T06:33:06+08:00 ] 127.0.0.1 /322/bbsdemo/home/article/allArticle
INFO: [ app_init ] --START--
INFO: Run Behavior\BuildLiteBehavior [ RunTime:0.000084s ]
INFO: [ app_init ] --END-- [ RunTime:0.000486s ]
INFO: [ app_begin ] --START--
INFO: Run Behavior\ReadHtmlCacheBehavior [ RunTime:0.000421s ]
INFO: [ app_begin ] --END-- [ RunTime:0.000741s ]
SQL: SELECT * FROM think_article a INNER JOIN think_user u where u.user_id=a.author_id  ORDER BY a.article_create_time desc LIMIT 30,5   [ RunTime:0.0005s ]

[ 2018-12-22T06:33:06+08:00 ] 127.0.0.1 /322/bbsdemo/home/article/allArticle
INFO: [ app_init ] --START--
INFO: Run Behavior\BuildLiteBehavior [ RunTime:0.000083s ]
INFO: [ app_init ] --END-- [ RunTime:0.000481s ]
INFO: [ app_begin ] --START--
INFO: Run Behavior\ReadHtmlCacheBehavior [ RunTime:0.000398s ]
INFO: [ app_begin ] --END-- [ RunTime:0.000701s ]
SQL: SELECT * FROM think_article a INNER JOIN think_user u where u.user_id=a.author_id  ORDER BY a.article_create_time desc LIMIT 35,5   [ RunTime:0.0009s ]

[ 2018-12-22T06:33:06+08:00 ] 127.0.0.1 /322/bbsdemo/home/article/allArticle
INFO: [ app_init ] --START--
INFO: Run Behavior\BuildLiteBehavior [ RunTime:0.000085s ]
INFO: [ app_init ] --END-- [ RunTime:0.000507s ]
INFO: [ app_begin ] --START--
INFO: Run Behavior\ReadHtmlCacheBehavior [ RunTime:0.000377s ]
INFO: [ app_begin ] --END-- [ RunTime:0.000699s ]
SQL: SELECT * FROM think_article a INNER JOIN think_user u where u.user_id=a.author_id  ORDER BY a.article_create_time desc LIMIT 40,5   [ RunTime:0.0005s ]

[ 2018-12-22T06:33:06+08:00 ] 127.0.0.1 /322/bbsdemo/home/article/allArticle
INFO: [ app_init ] --START--
INFO: Run Behavior\BuildLiteBehavior [ RunTime:0.000132s ]
INFO: [ app_init ] --END-- [ RunTime:0.000703s ]
INFO: [ app_begin ] --START--
INFO: Run Behavior\ReadHtmlCacheBehavior [ RunTime:0.000376s ]
INFO: [ app_begin ] --END-- [ RunTime:0.000672s ]
SQL: SELECT * FROM think_article a INNER JOIN think_user u where u.user_id=a.author_id  ORDER BY a.article_create_time desc LIMIT 45,5   [ RunTime:0.0009s ]

[ 2018-12-22T06:33:07+08:00 ] 127.0.0.1 /322/bbsdemo/home/article/allArticle
INFO: [ app_init ] --START--
INFO: Run Behavior\BuildLiteBehavior [ RunTime:0.000096s ]
INFO: [ app_init ] --END-- [ RunTime:0.000678s ]
INFO: [ app_begin ] --START--
INFO: Run Behavior\ReadHtmlCacheBehavior [ RunTime:0.000401s ]
INFO: [ app_begin ] --END-- [ RunTime:0.000724s ]
SQL: SELECT * FROM think_article a INNER JOIN think_user u where u.user_id=a.author_id  ORDER BY a.article_create_time desc LIMIT 50,5   [ RunTime:0.0005s ]

[ 2018-12-22T06:33:07+08:00 ] 127.0.0.1 /322/bbsdemo/home/article/allArticle
INFO: [ app_init ] --START--
INFO: Run Behavior\BuildLiteBehavior [ RunTime:0.000084s ]
INFO: [ app_init ] --END-- [ RunTime:0.000497s ]
INFO: [ app_begin ] --START--
INFO: Run Behavior\ReadHtmlCacheBehavior [ RunTime:0.000407s ]
INFO: [ app_begin ] --END-- [ RunTime:0.000719s ]
SQL: SELECT * FROM think_article a INNER JOIN think_user u where u.user_id=a.author_id  ORDER BY a.article_create_time desc LIMIT 55,5   [ RunTime:0.0005s ]

[ 2018-12-22T06:33:07+08:00 ] 127.0.0.1 /322/bbsdemo/home/article/allArticle
INFO: [ app_init ] --START--
INFO: Run Behavior\BuildLiteBehavior [ RunTime:0.000128s ]
INFO: [ app_init ] --END-- [ RunTime:0.000709s ]
INFO: [ app_begin ] --START--
INFO: Run Behavior\ReadHtmlCacheBehavior [ RunTime:0.000395s ]
INFO: [ app_begin ] --END-- [ RunTime:0.000722s ]
SQL: SELECT * FROM think_article a INNER JOIN think_user u where u.user_id=a.author_id  ORDER BY a.article_create_time desc LIMIT 60,5   [ RunTime:0.0008s ]

[ 2018-12-22T06:33:07+08:00 ] 127.0.0.1 /322/bbsdemo/home/article/allArticle
INFO: [ app_init ] --START--
INFO: Run Behavior\BuildLiteBehavior [ RunTime:0.000086s ]
INFO: [ app_init ] --END-- [ RunTime:0.000513s ]
INFO: [ app_begin ] --START--
INFO: Run Behavior\ReadHtmlCacheBehavior [ RunTime:0.000441s ]
INFO: [ app_begin ] --END-- [ RunTime:0.000802s ]
SQL: SELECT * FROM think_article a INNER JOIN think_user u where u.user_id=a.author_id  ORDER BY a.article_create_time desc LIMIT 65,5   [ RunTime:0.0005s ]

[ 2018-12-22T06:33:07+08:00 ] 127.0.0.1 /322/bbsdemo/home/article/allArticle
INFO: [ app_init ] --START--
INFO: Run Behavior\BuildLiteBehavior [ RunTime:0.000094s ]
INFO: [ app_init ] --END-- [ RunTime:0.000507s ]
INFO: [ app_begin ] --START--
INFO: Run Behavior\ReadHtmlCacheBehavior [ RunTime:0.000417s ]
INFO: [ app_begin ] --END-- [ RunTime:0.000758s ]
SQL: SELECT * FROM think_article a INNER JOIN think_user u where u.user_id=a.author_id  ORDER BY a.article_create_time desc LIMIT 70,5   [ RunTime:0.0007s ]

[ 2018-12-22T06:33:08+08:00 ] 127.0.0.1 /322/bbsdemo/home/article/allArticle
INFO: [ app_init ] --START--
INFO: Run Behavior\BuildLiteBehavior [ RunTime:0.000088s ]
INFO: [ app_init ] --END-- [ RunTime:0.000591s ]
INFO: [ app_begin ] --START--
INFO: Run Behavior\ReadHtmlCacheBehavior [ RunTime:0.000454s ]
INFO: [ app_begin ] --END-- [ RunTime:0.000786s ]
SQL: SELECT * FROM think_article a INNER JOIN think_user u where u.user_id=a.author_id  ORDER BY a.article_create_time desc LIMIT 75,5   [ RunTime:0.0006s ]

[ 2018-12-22T06:33:17+08:00 ] 127.0.0.1 /322/bbsdemo/home/article/allArticle
INFO: [ app_init ] --START--
INFO: Run Behavior\BuildLiteBehavior [ RunTime:0.000094s ]
INFO: [ app_init ] --END-- [ RunTime:0.000699s ]
INFO: [ app_begin ] --START--
INFO: Run Behavior\ReadHtmlCacheBehavior [ RunTime:0.000742s ]
INFO: [ app_begin ] --END-- [ RunTime:0.001064s ]
SQL: SELECT * FROM think_article a INNER JOIN think_user u where u.user_id=a.author_id  ORDER BY a.article_create_time desc LIMIT 80,5   [ RunTime:0.0005s ]

[ 2018-12-22T06:33:20+08:00 ] 127.0.0.1 /322/bbsdemo/home/article/allArticle
INFO: [ app_init ] --START--
INFO: Run Behavior\BuildLiteBehavior [ RunTime:0.000090s ]
INFO: [ app_init ] --END-- [ RunTime:0.000590s ]
INFO: [ app_begin ] --START--
INFO: Run Behavior\ReadHtmlCacheBehavior [ RunTime:0.000423s ]
INFO: [ app_begin ] --END-- [ RunTime:0.000719s ]
SQL: SELECT * FROM think_article a INNER JOIN think_user u where u.user_id=a.author_id  ORDER BY a.article_create_time desc LIMIT 85,5   [ RunTime:0.0005s ]

[ 2018-12-22T06:33:22+08:00 ] 127.0.0.1 /322/bbsdemo/home/article/allArticle
INFO: [ app_init ] --START--
INFO: Run Behavior\BuildLiteBehavior [ RunTime:0.000091s ]
INFO: [ app_init ] --END-- [ RunTime:0.000495s ]
INFO: [ app_begin ] --START--
INFO: Run Behavior\ReadHtmlCacheBehavior [ RunTime:0.000383s ]
INFO: [ app_begin ] --END-- [ RunTime:0.000674s ]
SQL: SELECT * FROM think_article a INNER JOIN think_user u where u.user_id=a.author_id  ORDER BY a.article_create_time desc LIMIT 80,5   [ RunTime:0.0006s ]

[ 2018-12-22T06:33:22+08:00 ] 127.0.0.1 /322/bbsdemo/home/article/allArticle
INFO: [ app_init ] --START--
INFO: Run Behavior\BuildLiteBehavior [ RunTime:0.000077s ]
INFO: [ app_init ] --END-- [ RunTime:0.000481s ]
INFO: [ app_begin ] --START--
INFO: Run Behavior\ReadHtmlCacheBehavior [ RunTime:0.000403s ]
INFO: [ app_begin ] --END-- [ RunTime:0.000735s ]
SQL: SELECT * FROM think_article a INNER JOIN think_user u where u.user_id=a.author_id  ORDER BY a.article_create_time desc LIMIT 75,5   [ RunTime:0.0006s ]

[ 2018-12-22T06:33:23+08:00 ] 127.0.0.1 /322/bbsdemo/home/article/allArticle
INFO: [ app_init ] --START--
INFO: Run Behavior\BuildLiteBehavior [ RunTime:0.000083s ]
INFO: [ app_init ] --END-- [ RunTime:0.000605s ]
INFO: [ app_begin ] --START--
INFO: Run Behavior\ReadHtmlCacheBehavior [ RunTime:0.000467s ]
INFO: [ app_begin ] --END-- [ RunTime:0.000758s ]
SQL: SELECT * FROM think_article a INNER JOIN think_user u where u.user_id=a.author_id  ORDER BY a.article_create_time desc LIMIT 70,5   [ RunTime:0.0005s ]

[ 2018-12-22T06:33:23+08:00 ] 127.0.0.1 /322/bbsdemo/home/article/allArticle
INFO: [ app_init ] --START--
INFO: Run Behavior\BuildLiteBehavior [ RunTime:0.000082s ]
INFO: [ app_init ] --END-- [ RunTime:0.000479s ]
INFO: [ app_begin ] --START--
INFO: Run Behavior\ReadHtmlCacheBehavior [ RunTime:0.000443s ]
INFO: [ app_begin ] --END-- [ RunTime:0.000814s ]
SQL: SELECT * FROM think_article a INNER JOIN think_user u where u.user_id=a.author_id  ORDER BY a.article_create_time desc LIMIT 65,5   [ RunTime:0.0005s ]

[ 2018-12-22T06:33:23+08:00 ] 127.0.0.1 /322/bbsdemo/home/article/allArticle
INFO: [ app_init ] --START--
INFO: Run Behavior\BuildLiteBehavior [ RunTime:0.000084s ]
INFO: [ app_init ] --END-- [ RunTime:0.000479s ]
INFO: [ app_begin ] --START--
INFO: Run Behavior\ReadHtmlCacheBehavior [ RunTime:0.000375s ]
INFO: [ app_begin ] --END-- [ RunTime:0.000681s ]
SQL: SELECT * FROM think_article a INNER JOIN think_user u where u.user_id=a.author_id  ORDER BY a.article_create_time desc LIMIT 60,5   [ RunTime:0.0005s ]

[ 2018-12-22T06:33:23+08:00 ] 127.0.0.1 /322/bbsdemo/home/article/allArticle
INFO: [ app_init ] --START--
INFO: Run Behavior\BuildLiteBehavior [ RunTime:0.000136s ]
INFO: [ app_init ] --END-- [ RunTime:0.000758s ]
INFO: [ app_begin ] --START--
INFO: Run Behavior\ReadHtmlCacheBehavior [ RunTime:0.000579s ]
INFO: [ app_begin ] --END-- [ RunTime:0.001084s ]
SQL: SELECT * FROM think_article a INNER JOIN think_user u where u.user_id=a.author_id  ORDER BY a.article_create_time desc LIMIT 55,5   [ RunTime:0.0005s ]

[ 2018-12-22T06:33:23+08:00 ] 127.0.0.1 /322/bbsdemo/home/article/allArticle
INFO: [ app_init ] --START--
INFO: Run Behavior\BuildLiteBehavior [ RunTime:0.000083s ]
INFO: [ app_init ] --END-- [ RunTime:0.000476s ]
INFO: [ app_begin ] --START--
INFO: Run Behavior\ReadHtmlCacheBehavior [ RunTime:0.000488s ]
INFO: [ app_begin ] --END-- [ RunTime:0.000859s ]
SQL: SELECT * FROM think_article a INNER JOIN think_user u where u.user_id=a.author_id  ORDER BY a.article_create_time desc LIMIT 50,5   [ RunTime:0.0006s ]

[ 2018-12-22T06:33:24+08:00 ] 127.0.0.1 /322/bbsdemo/home/article/allArticle
INFO: [ app_init ] --START--
INFO: Run Behavior\BuildLiteBehavior [ RunTime:0.000084s ]
INFO: [ app_init ] --END-- [ RunTime:0.000473s ]
INFO: [ app_begin ] --START--
INFO: Run Behavior\ReadHtmlCacheBehavior [ RunTime:0.000386s ]
INFO: [ app_begin ] --END-- [ RunTime:0.000697s ]
SQL: SELECT * FROM think_article a INNER JOIN think_user u where u.user_id=a.author_id  ORDER BY a.article_create_time desc LIMIT 45,5   [ RunTime:0.0011s ]

[ 2018-12-22T06:33:24+08:00 ] 127.0.0.1 /322/bbsdemo/home/article/allArticle
INFO: [ app_init ] --START--
INFO: Run Behavior\BuildLiteBehavior [ RunTime:0.000084s ]
INFO: [ app_init ] --END-- [ RunTime:0.000477s ]
INFO: [ app_begin ] --START--
INFO: Run Behavior\ReadHtmlCacheBehavior [ RunTime:0.000395s ]
INFO: [ app_begin ] --END-- [ RunTime:0.000687s ]
SQL: SELECT * FROM think_article a INNER JOIN think_user u where u.user_id=a.author_id  ORDER BY a.article_create_time desc LIMIT 40,5   [ RunTime:0.0006s ]

[ 2018-12-22T06:33:24+08:00 ] 127.0.0.1 /322/bbsdemo/home/article/allArticle
INFO: [ app_init ] --START--
INFO: Run Behavior\BuildLiteBehavior [ RunTime:0.000082s ]
INFO: [ app_init ] --END-- [ RunTime:0.000472s ]
INFO: [ app_begin ] --START--
INFO: Run Behavior\ReadHtmlCacheBehavior [ RunTime:0.000439s ]
INFO: [ app_begin ] --END-- [ RunTime:0.000759s ]
SQL: SELECT * FROM think_article a INNER JOIN think_user u where u.user_id=a.author_id  ORDER BY a.article_create_time desc LIMIT 35,5   [ RunTime:0.0011s ]

[ 2018-12-22T06:33:24+08:00 ] 127.0.0.1 /322/bbsdemo/home/article/allArticle
INFO: [ app_init ] --START--
INFO: Run Behavior\BuildLiteBehavior [ RunTime:0.000084s ]
INFO: [ app_init ] --END-- [ RunTime:0.000500s ]
INFO: [ app_begin ] --START--
INFO: Run Behavior\ReadHtmlCacheBehavior [ RunTime:0.000381s ]
INFO: [ app_begin ] --END-- [ RunTime:0.000678s ]
SQL: SELECT * FROM think_article a INNER JOIN think_user u where u.user_id=a.author_id  ORDER BY a.article_create_time desc LIMIT 30,5   [ RunTime:0.0008s ]

[ 2018-12-22T06:33:24+08:00 ] 127.0.0.1 /322/bbsdemo/home/article/allArticle
INFO: [ app_init ] --START--
INFO: Run Behavior\BuildLiteBehavior [ RunTime:0.000081s ]
INFO: [ app_init ] --END-- [ RunTime:0.000477s ]
INFO: [ app_begin ] --START--
INFO: Run Behavior\ReadHtmlCacheBehavior [ RunTime:0.000371s ]
INFO: [ app_begin ] --END-- [ RunTime:0.000682s ]
SQL: SELECT * FROM think_article a INNER JOIN think_user u where u.user_id=a.author_id  ORDER BY a.article_create_time desc LIMIT 25,5   [ RunTime:0.0005s ]

[ 2018-12-22T06:33:24+08:00 ] 127.0.0.1 /322/bbsdemo/home/article/allArticle
INFO: [ app_init ] --START--
INFO: Run Behavior\BuildLiteBehavior [ RunTime:0.000089s ]
INFO: [ app_init ] --END-- [ RunTime:0.000485s ]
INFO: [ app_begin ] --START--
INFO: Run Behavior\ReadHtmlCacheBehavior [ RunTime:0.000390s ]
INFO: [ app_begin ] --END-- [ RunTime:0.000718s ]
SQL: SELECT * FROM think_article a INNER JOIN think_user u where u.user_id=a.author_id  ORDER BY a.article_create_time desc LIMIT 20,5   [ RunTime:0.0004s ]

[ 2018-12-22T06:33:25+08:00 ] 127.0.0.1 /322/bbsdemo/home/article/allArticle
INFO: [ app_init ] --START--
INFO: Run Behavior\BuildLiteBehavior [ RunTime:0.000088s ]
INFO: [ app_init ] --END-- [ RunTime:0.000509s ]
INFO: [ app_begin ] --START--
INFO: Run Behavior\ReadHtmlCacheBehavior [ RunTime:0.000412s ]
INFO: [ app_begin ] --END-- [ RunTime:0.000741s ]
SQL: SELECT * FROM think_article a INNER JOIN think_user u where u.user_id=a.author_id  ORDER BY a.article_create_time desc LIMIT 15,5   [ RunTime:0.0005s ]

[ 2018-12-22T06:33:25+08:00 ] 127.0.0.1 /322/bbsdemo/home/article/allArticle
INFO: [ app_init ] --START--
INFO: Run Behavior\BuildLiteBehavior [ RunTime:0.000083s ]
INFO: [ app_init ] --END-- [ RunTime:0.000481s ]
INFO: [ app_begin ] --START--
INFO: Run Behavior\ReadHtmlCacheBehavior [ RunTime:0.000371s ]
INFO: [ app_begin ] --END-- [ RunTime:0.000679s ]
SQL: SELECT * FROM think_article a INNER JOIN think_user u where u.user_id=a.author_id  ORDER BY a.article_create_time desc LIMIT 10,5   [ RunTime:0.0005s ]

[ 2018-12-22T06:33:25+08:00 ] 127.0.0.1 /322/bbsdemo/home/article/allArticle
INFO: [ app_init ] --START--
INFO: Run Behavior\BuildLiteBehavior [ RunTime:0.000084s ]
INFO: [ app_init ] --END-- [ RunTime:0.000479s ]
INFO: [ app_begin ] --START--
INFO: Run Behavior\ReadHtmlCacheBehavior [ RunTime:0.000368s ]
INFO: [ app_begin ] --END-- [ RunTime:0.000678s ]
SQL: SELECT * FROM think_article a INNER JOIN think_user u where u.user_id=a.author_id  ORDER BY a.article_create_time desc LIMIT 5,5   [ RunTime:0.0005s ]

[ 2018-12-22T06:33:26+08:00 ] 127.0.0.1 /322/bbsdemo/home/article/allArticle
INFO: [ app_init ] --START--
INFO: Run Behavior\BuildLiteBehavior [ RunTime:0.000079s ]
INFO: [ app_init ] --END-- [ RunTime:0.000563s ]
INFO: [ app_begin ] --START--
INFO: Run Behavior\ReadHtmlCacheBehavior [ RunTime:0.000459s ]
INFO: [ app_begin ] --END-- [ RunTime:0.000757s ]
SQL: SELECT * FROM think_article a INNER JOIN think_user u where u.user_id=a.author_id  ORDER BY a.article_create_time desc LIMIT 0,5   [ RunTime:0.0005s ]

[ 2018-12-22T06:37:04+08:00 ] ::1 /322/bbsdemo/home/article/allArticle
INFO: [ app_init ] --START--
INFO: Run Behavior\BuildLiteBehavior [ RunTime:0.000088s ]
INFO: [ app_init ] --END-- [ RunTime:0.000707s ]

[ 2018-12-22T06:37:10+08:00 ] ::1 /322/bbsdemo/home/article/allArticle
INFO: [ app_init ] --START--
INFO: Run Behavior\BuildLiteBehavior [ RunTime:0.000080s ]
INFO: [ app_init ] --END-- [ RunTime:0.000655s ]

[ 2018-12-22T06:37:28+08:00 ] ::1 /322/bbsdemo/home/article/allArticle
INFO: [ app_init ] --START--
INFO: Run Behavior\BuildLiteBehavior [ RunTime:0.000087s ]
INFO: [ app_init ] --END-- [ RunTime:0.000602s ]

[ 2018-12-22T06:38:52+08:00 ] ::1 /322/bbsdemo/home/article/allArticle
INFO: [ app_init ] --START--
INFO: Run Behavior\BuildLiteBehavior [ RunTime:0.000085s ]
INFO: [ app_init ] --END-- [ RunTime:0.000612s ]

[ 2018-12-22T06:39:32+08:00 ] ::1 /322/bbsdemo/home/article/allArticle
INFO: [ app_init ] --START--
INFO: Run Behavior\BuildLiteBehavior [ RunTime:0.000105s ]
INFO: [ app_init ] --END-- [ RunTime:0.001067s ]

[ 2018-12-22T06:39:40+08:00 ] ::1 /322/bbsdemo/home/article/allArticle
INFO: [ app_init ] --START--
INFO: Run Behavior\BuildLiteBehavior [ RunTime:0.000078s ]
INFO: [ app_init ] --END-- [ RunTime:0.000658s ]

[ 2018-12-22T06:40:39+08:00 ] ::1 /322/bbsdemo/home/article/allArticle
INFO: [ app_init ] --START--
INFO: Run Behavior\BuildLiteBehavior [ RunTime:0.000085s ]
INFO: [ app_init ] --END-- [ RunTime:0.000602s ]

[ 2018-12-22T06:40:56+08:00 ] ::1 /322/bbsdemo/home/article/allArticle
INFO: [ app_init ] --START--
INFO: Run Behavior\BuildLiteBehavior [ RunTime:0.000087s ]
INFO: [ app_init ] --END-- [ RunTime:0.000951s ]

[ 2018-12-22T06:41:06+08:00 ] ::1 /322/bbsdemo/home/article/allArticle
INFO: [ app_init ] --START--
INFO: Run Behavior\BuildLiteBehavior [ RunTime:0.000089s ]
INFO: [ app_init ] --END-- [ RunTime:0.000575s ]

[ 2018-12-22T06:41:23+08:00 ] ::1 /322/bbsdemo/home/article/allArticle
INFO: [ app_init ] --START--
INFO: Run Behavior\BuildLiteBehavior [ RunTime:0.000132s ]
INFO: [ app_init ] --END-- [ RunTime:0.001091s ]

[ 2018-12-22T06:41:48+08:00 ] ::1 /322/bbsdemo/home/article/allArticle
INFO: [ app_init ] --START--
INFO: Run Behavior\BuildLiteBehavior [ RunTime:0.000088s ]
INFO: [ app_init ] --END-- [ RunTime:0.000709s ]

[ 2018-12-22T06:44:22+08:00 ] ::1 /322/bbsdemo/home/article/allArticle
INFO: [ app_init ] --START--
INFO: Run Behavior\BuildLiteBehavior [ RunTime:0.000089s ]
INFO: [ app_init ] --END-- [ RunTime:0.000699s ]

[ 2018-12-22T06:44:28+08:00 ] ::1 /322/bbsdemo/home/article/allArticle
INFO: [ app_init ] --START--
INFO: Run Behavior\BuildLiteBehavior [ RunTime:0.000086s ]
INFO: [ app_init ] --END-- [ RunTime:0.000670s ]

[ 2018-12-22T06:45:24+08:00 ] ::1 /322/bbsdemo/home/article/allArticle
INFO: [ app_init ] --START--
INFO: Run Behavior\BuildLiteBehavior [ RunTime:0.000086s ]
INFO: [ app_init ] --END-- [ RunTime:0.000596s ]

[ 2018-12-22T06:45:44+08:00 ] ::1 /322/bbsdemo/home/article/allArticle
INFO: [ app_init ] --START--
INFO: Run Behavior\BuildLiteBehavior [ RunTime:0.000088s ]
INFO: [ app_init ] --END-- [ RunTime:0.000615s ]

[ 2018-12-22T06:46:59+08:00 ] ::1 /322/bbsdemo/home/article/allArticle
INFO: [ app_init ] --START--
INFO: Run Behavior\BuildLiteBehavior [ RunTime:0.000141s ]
INFO: [ app_init ] --END-- [ RunTime:0.001109s ]

[ 2018-12-22T06:47:45+08:00 ] ::1 /322/bbsdemo/home/article/allArticle
INFO: [ app_init ] --START--
INFO: Run Behavior\BuildLiteBehavior [ RunTime:0.000087s ]
INFO: [ app_init ] --END-- [ RunTime:0.000712s ]

[ 2018-12-22T06:47:53+08:00 ] 127.0.0.1 /322/bbsdemo/home/article/countArticle
INFO: [ app_init ] --START--
INFO: Run Behavior\BuildLiteBehavior [ RunTime:0.000089s ]
INFO: [ app_init ] --END-- [ RunTime:0.000527s ]
INFO: [ app_begin ] --START--
INFO: Run Behavior\ReadHtmlCacheBehavior [ RunTime:0.000549s ]
INFO: [ app_begin ] --END-- [ RunTime:0.000892s ]
SQL: SELECT COUNT(*) AS tp_count FROM `think_article` LIMIT 1   [ RunTime:0.0003s ]

[ 2018-12-22T06:47:53+08:00 ] 127.0.0.1 /322/BBSDemo/home/user/getUidSession
INFO: [ app_init ] --START--
INFO: Run Behavior\BuildLiteBehavior [ RunTime:0.000093s ]
INFO: [ app_init ] --END-- [ RunTime:0.000625s ]
INFO: [ app_begin ] --START--
INFO: Run Behavior\ReadHtmlCacheBehavior [ RunTime:0.000440s ]
INFO: [ app_begin ] --END-- [ RunTime:0.000743s ]

[ 2018-12-22T06:47:53+08:00 ] 127.0.0.1 /322/bbsdemo/home/article/allArticle
INFO: [ app_init ] --START--
INFO: Run Behavior\BuildLiteBehavior [ RunTime:0.000081s ]
INFO: [ app_init ] --END-- [ RunTime:0.000514s ]
INFO: [ app_begin ] --START--
INFO: Run Behavior\ReadHtmlCacheBehavior [ RunTime:0.000670s ]
INFO: [ app_begin ] --END-- [ RunTime:0.000976s ]
SQL: SELECT * FROM think_article a INNER JOIN think_user u where u.user_id=a.author_id  ORDER BY a.article_create_time desc LIMIT 0,5   [ RunTime:0.0005s ]

[ 2018-12-22T06:47:54+08:00 ] 127.0.0.1 /322/bbsdemo/home/article/allArticle
INFO: [ app_init ] --START--
INFO: Run Behavior\BuildLiteBehavior [ RunTime:0.000086s ]
INFO: [ app_init ] --END-- [ RunTime:0.000495s ]
INFO: [ app_begin ] --START--
INFO: Run Behavior\ReadHtmlCacheBehavior [ RunTime:0.000403s ]
INFO: [ app_begin ] --END-- [ RunTime:0.000701s ]
SQL: SELECT * FROM think_article a INNER JOIN think_user u where u.user_id=a.author_id  ORDER BY a.article_create_time desc LIMIT 85,5   [ RunTime:0.0005s ]

