[ 2018-12-18T20:53:29+08:00 ] 127.0.0.1 /322/api/322/BBSDemo/home/user/login
INFO: [ app_init ] --START--
INFO: Run Behavior\BuildLiteBehavior [ RunTime:0.000083s ]
INFO: [ app_init ] --END-- [ RunTime:0.000567s ]
ERR: 无法加载模块:Api

[ 2018-12-18T20:53:33+08:00 ] 127.0.0.1 /322/api/BBSDemo/home/user/login
INFO: [ app_init ] --START--
INFO: Run Behavior\BuildLiteBehavior [ RunTime:0.000082s ]
INFO: [ app_init ] --END-- [ RunTime:0.000556s ]
ERR: 无法加载模块:Api

[ 2018-12-18T20:53:51+08:00 ] 127.0.0.1 /322/api/BBSDemo/home/user/login
INFO: [ app_init ] --START--
INFO: Run Behavior\BuildLiteBehavior [ RunTime:0.000081s ]
INFO: [ app_init ] --END-- [ RunTime:0.000567s ]
ERR: 无法加载模块:Api

[ 2018-12-18T20:53:56+08:00 ] 127.0.0.1 /322/api/322/BBSDemo/home/user/login
INFO: [ app_init ] --START--
INFO: Run Behavior\BuildLiteBehavior [ RunTime:0.000082s ]
INFO: [ app_init ] --END-- [ RunTime:0.000561s ]
ERR: 无法加载模块:Api

[ 2018-12-18T20:54:43+08:00 ] 127.0.0.1 /322/322/BBSDemo/home/user/login
INFO: [ app_init ] --START--
INFO: Run Behavior\BuildLiteBehavior [ RunTime:0.000081s ]
INFO: [ app_init ] --END-- [ RunTime:0.000567s ]
ERR: 无法加载模块:322

[ 2018-12-18T20:54:46+08:00 ] 127.0.0.1 /322/322/BBSDemo/home/user/login
INFO: [ app_init ] --START--
INFO: Run Behavior\BuildLiteBehavior [ RunTime:0.000082s ]
INFO: [ app_init ] --END-- [ RunTime:0.000562s ]
ERR: 无法加载模块:322

