[ 2018-12-18T08:07:46+08:00 ] ::1 /322/logdemo/home/
INFO: INFO-write
[ 2018-12-18T08:07:46+08:00 ] ::1 /322/logdemo/home/
INFO: [ app_init ] --START--
INFO: Run Behavior\BuildLiteBehavior [ RunTime:0.000085s ]
INFO: [ app_init ] --END-- [ RunTime:0.000875s ]
ERR: ERR-record

[ 2018-12-18T08:08:06+08:00 ] ::1 /322/logdemo/home/index/writeSession2Client
INFO: [ app_init ] --START--
INFO: Run Behavior\BuildLiteBehavior [ RunTime:0.000076s ]
INFO: [ app_init ] --END-- [ RunTime:0.000533s ]

[ 2018-12-18T08:09:49+08:00 ] ::1 /322/logdemo/home/index/writeSession2Client
INFO: [ app_init ] --START--
INFO: Run Behavior\BuildLiteBehavior [ RunTime:0.000086s ]
INFO: [ app_init ] --END-- [ RunTime:0.000704s ]

[ 2018-12-18T08:13:19+08:00 ] ::1 /322/logdemo/home/index/readsession
INFO: [ app_init ] --START--
INFO: Run Behavior\BuildLiteBehavior [ RunTime:0.000085s ]
INFO: [ app_init ] --END-- [ RunTime:0.000684s ]

[ 2018-12-18T08:14:15+08:00 ] ::1 /322/logdemo/home/index/readsession
INFO: [ app_init ] --START--
INFO: Run Behavior\BuildLiteBehavior [ RunTime:0.000083s ]
INFO: [ app_init ] --END-- [ RunTime:0.000576s ]

[ 2018-12-18T08:14:38+08:00 ] ::1 /322/logdemo/home/index/readsession
INFO: [ app_init ] --START--
INFO: Run Behavior\BuildLiteBehavior [ RunTime:0.000082s ]
INFO: [ app_init ] --END-- [ RunTime:0.000577s ]

[ 2018-12-18T08:15:01+08:00 ] ::1 /322/logdemo/home/index/readsession
INFO: [ app_init ] --START--
INFO: Run Behavior\BuildLiteBehavior [ RunTime:0.000158s ]
INFO: [ app_init ] --END-- [ RunTime:0.000824s ]

[ 2018-12-18T08:15:34+08:00 ] ::1 /322/logdemo/home/index/readsession
INFO: [ app_init ] --START--
INFO: Run Behavior\BuildLiteBehavior [ RunTime:0.000087s ]
INFO: [ app_init ] --END-- [ RunTime:0.000728s ]

[ 2018-12-18T08:15:40+08:00 ] ::1 /322/logdemo/home/index/writeSession2Client
INFO: [ app_init ] --START--
INFO: Run Behavior\BuildLiteBehavior [ RunTime:0.000103s ]
INFO: [ app_init ] --END-- [ RunTime:0.000649s ]

[ 2018-12-18T08:15:43+08:00 ] ::1 /322/logdemo/home/index/readsession
INFO: [ app_init ] --START--
INFO: Run Behavior\BuildLiteBehavior [ RunTime:0.000083s ]
INFO: [ app_init ] --END-- [ RunTime:0.000588s ]

[ 2018-12-18T08:16:08+08:00 ] ::1 /322/logdemo/home/index/readsession
INFO: [ app_init ] --START--
INFO: Run Behavior\BuildLiteBehavior [ RunTime:0.000082s ]
INFO: [ app_init ] --END-- [ RunTime:0.000560s ]

[ 2018-12-18T08:16:19+08:00 ] ::1 /322/logdemo/home/index/readsession
INFO: [ app_init ] --START--
INFO: Run Behavior\BuildLiteBehavior [ RunTime:0.000086s ]
INFO: [ app_init ] --END-- [ RunTime:0.000605s ]

[ 2018-12-18T08:17:21+08:00 ] ::1 /322/logdemo/home/index/readsession
INFO: [ app_init ] --START--
INFO: Run Behavior\BuildLiteBehavior [ RunTime:0.000083s ]
INFO: [ app_init ] --END-- [ RunTime:0.000562s ]

[ 2018-12-18T08:17:28+08:00 ] ::1 /322/logdemo/home/index/readsession
INFO: [ app_init ] --START--
INFO: Run Behavior\BuildLiteBehavior [ RunTime:0.000083s ]
INFO: [ app_init ] --END-- [ RunTime:0.000568s ]

[ 2018-12-18T08:17:37+08:00 ] ::1 /322/logdemo/home/index/readsession
INFO: [ app_init ] --START--
INFO: Run Behavior\BuildLiteBehavior [ RunTime:0.000083s ]
INFO: [ app_init ] --END-- [ RunTime:0.000680s ]

[ 2018-12-18T08:21:22+08:00 ] ::1 /322/logdemo/home/index/readsession
INFO: [ app_init ] --START--
INFO: Run Behavior\BuildLiteBehavior [ RunTime:0.000130s ]
INFO: [ app_init ] --END-- [ RunTime:0.000909s ]

[ 2018-12-18T08:21:24+08:00 ] ::1 /322/logdemo/home/index/writeSession2Client
INFO: [ app_init ] --START--
INFO: Run Behavior\BuildLiteBehavior [ RunTime:0.000082s ]
INFO: [ app_init ] --END-- [ RunTime:0.000466s ]

[ 2018-12-18T08:21:26+08:00 ] ::1 /322/logdemo/home/index/readsession
INFO: [ app_init ] --START--
INFO: Run Behavior\BuildLiteBehavior [ RunTime:0.000077s ]
INFO: [ app_init ] --END-- [ RunTime:0.000876s ]

[ 2018-12-18T08:24:15+08:00 ] ::1 /322/logdemo/home/index/writeSession2Client
INFO: [ app_init ] --START--
INFO: Run Behavior\BuildLiteBehavior [ RunTime:0.000122s ]
INFO: [ app_init ] --END-- [ RunTime:0.000680s ]

