[ 2018-12-17T20:43:39+08:00 ] ::1 /322/logdemo/home/
INFO: [ app_init ] --START--
INFO: Run Behavior\BuildLiteBehavior [ RunTime:0.000085s ]
INFO: [ app_init ] --END-- [ RunTime:0.000430s ]
INFO: [ app_begin ] --START--
INFO: Run Behavior\ReadHtmlCacheBehavior [ RunTime:0.000803s ]
INFO: [ app_begin ] --END-- [ RunTime:0.001144s ]
INFO: [ view_parse ] --START--
INFO: [ template_filter ] --START--
INFO: Run Behavior\ContentReplaceBehavior [ RunTime:0.000158s ]
INFO: [ template_filter ] --END-- [ RunTime:0.000509s ]
INFO: Run Behavior\ParseTemplateBehavior [ RunTime:0.016413s ]
INFO: [ view_parse ] --END-- [ RunTime:0.016764s ]
INFO: [ view_filter ] --START--
INFO: Run Behavior\WriteHtmlCacheBehavior [ RunTime:0.000713s ]
INFO: [ view_filter ] --END-- [ RunTime:0.001034s ]
INFO: [ app_end ] --START--
INFO: Run Behavior\ShowPageTraceBehavior [ RunTime:0.000708s ]
INFO: [ app_end ] --END-- [ RunTime:0.001015s ]

[ 2018-12-17T20:46:22+08:00 ] ::1 /322/logdemo/home/
INFO: [ app_init ] --START--
INFO: Run Behavior\BuildLiteBehavior [ RunTime:0.000118s ]
INFO: [ app_init ] --END-- [ RunTime:0.001223s ]
ERR: Class 'Home\Controller\Log' not found

[ 2018-12-17T20:46:38+08:00 ] ::1 /322/logdemo/home/
INFO: [ app_init ] --START--
INFO: Run Behavior\BuildLiteBehavior [ RunTime:0.000084s ]
INFO: [ app_init ] --END-- [ RunTime:0.000582s ]
ERR: ERR-record

[ 2018-12-17T20:48:27+08:00 ] ::1 /322/logdemo/home/
INFO: INFO-write
[ 2018-12-17T20:48:27+08:00 ] ::1 /322/logdemo/home/
INFO: [ app_init ] --START--
INFO: Run Behavior\BuildLiteBehavior [ RunTime:0.000082s ]
INFO: [ app_init ] --END-- [ RunTime:0.000678s ]
ERR: ERR-record

[ 2018-12-17T20:50:21+08:00 ] ::1 /322/logdemo/home/
INFO: INFO-write
[ 2018-12-17T20:50:21+08:00 ] ::1 /322/logdemo/home/
INFO: [ app_init ] --START--
INFO: Run Behavior\BuildLiteBehavior [ RunTime:0.000077s ]
INFO: [ app_init ] --END-- [ RunTime:0.000542s ]
ERR: ERR-record

[ 2018-12-17T21:16:08+08:00 ] ::1 /322/logdemo/home/writeSession2Client
INFO: [ app_init ] --START--
INFO: Run Behavior\BuildLiteBehavior [ RunTime:0.000259s ]
INFO: [ app_init ] --END-- [ RunTime:0.001784s ]
ERR: 无法加载控制器:WriteSession2Client

[ 2018-12-17T21:16:26+08:00 ] ::1 /322/logdemo/home/index/writeSession2Client
INFO: [ app_init ] --START--
INFO: Run Behavior\BuildLiteBehavior [ RunTime:0.000082s ]
INFO: [ app_init ] --END-- [ RunTime:0.000566s ]

[ 2018-12-17T21:18:11+08:00 ] ::1 /322/logdemo/home/index/writeSession2Client
INFO: [ app_init ] --START--
INFO: Run Behavior\BuildLiteBehavior [ RunTime:0.000086s ]
INFO: [ app_init ] --END-- [ RunTime:0.000707s ]

[ 2018-12-17T21:19:24+08:00 ] ::1 /322/logdemo/home/index/writeSession2Client
INFO: [ app_init ] --START--
INFO: Run Behavior\BuildLiteBehavior [ RunTime:0.000123s ]
INFO: [ app_init ] --END-- [ RunTime:0.000931s ]

[ 2018-12-17T21:20:01+08:00 ] ::1 /322/logdemo/home/index/writeSession2Client
INFO: [ app_init ] --START--
INFO: Run Behavior\BuildLiteBehavior [ RunTime:0.000085s ]
INFO: [ app_init ] --END-- [ RunTime:0.000717s ]

[ 2018-12-17T21:20:14+08:00 ] ::1 /322/logdemo/home/index/writeSession2Client
INFO: [ app_init ] --START--
INFO: Run Behavior\BuildLiteBehavior [ RunTime:0.000142s ]
INFO: [ app_init ] --END-- [ RunTime:0.001164s ]

[ 2018-12-17T21:22:46+08:00 ] ::1 /322/logdemo/home/index/writeSession2Client
INFO: [ app_init ] --START--
INFO: Run Behavior\BuildLiteBehavior [ RunTime:0.000084s ]
INFO: [ app_init ] --END-- [ RunTime:0.000716s ]

[ 2018-12-17T21:23:00+08:00 ] ::1 /322/logdemo/home/index/writeSession2Client
INFO: [ app_init ] --START--
INFO: Run Behavior\BuildLiteBehavior [ RunTime:0.000079s ]
INFO: [ app_init ] --END-- [ RunTime:0.000544s ]

[ 2018-12-17T21:23:45+08:00 ] ::1 /322/logdemo/home/index/writeSession2Client
INFO: [ app_init ] --START--
INFO: Run Behavior\BuildLiteBehavior [ RunTime:0.000082s ]
INFO: [ app_init ] --END-- [ RunTime:0.000572s ]

[ 2018-12-17T21:25:29+08:00 ] ::1 /322/logdemo/home/index/writeSession2Client
INFO: [ app_init ] --START--
INFO: Run Behavior\BuildLiteBehavior [ RunTime:0.000084s ]
INFO: [ app_init ] --END-- [ RunTime:0.000687s ]
ERR: 模板不存在:./Application/Home/View/Index/writeSession2Client.html

[ 2018-12-17T21:25:58+08:00 ] ::1 /322/logdemo/home/index/writeSession2Client
INFO: [ app_init ] --START--
INFO: Run Behavior\BuildLiteBehavior [ RunTime:0.000083s ]
INFO: [ app_init ] --END-- [ RunTime:0.000565s ]

[ 2018-12-17T21:26:37+08:00 ] ::1 /322/logdemo/home/index/writeSession2Client
INFO: [ app_init ] --START--
INFO: Run Behavior\BuildLiteBehavior [ RunTime:0.000083s ]
INFO: [ app_init ] --END-- [ RunTime:0.000568s ]

[ 2018-12-17T21:26:43+08:00 ] ::1 /322/logdemo/home/index/writeSession2Client
INFO: [ app_init ] --START--
INFO: Run Behavior\BuildLiteBehavior [ RunTime:0.000086s ]
INFO: [ app_init ] --END-- [ RunTime:0.000574s ]

[ 2018-12-17T21:26:49+08:00 ] ::1 /322/logdemo/home/index/writeSession2Client
INFO: [ app_init ] --START--
INFO: Run Behavior\BuildLiteBehavior [ RunTime:0.000083s ]
INFO: [ app_init ] --END-- [ RunTime:0.000569s ]

[ 2018-12-17T21:27:05+08:00 ] ::1 /322/logdemo/home/index/writeSession2Client
INFO: [ app_init ] --START--
INFO: Run Behavior\BuildLiteBehavior [ RunTime:0.000090s ]
INFO: [ app_init ] --END-- [ RunTime:0.000592s ]

[ 2018-12-17T21:28:09+08:00 ] ::1 /322/logdemo/home/index/writeSession2Client
INFO: [ app_init ] --START--
INFO: Run Behavior\BuildLiteBehavior [ RunTime:0.000085s ]
INFO: [ app_init ] --END-- [ RunTime:0.000697s ]

[ 2018-12-17T21:28:27+08:00 ] ::1 /322/logdemo/home/index/writeSession2Client
INFO: [ app_init ] --START--
INFO: Run Behavior\BuildLiteBehavior [ RunTime:0.000094s ]
INFO: [ app_init ] --END-- [ RunTime:0.000587s ]

